mode: atomic
github.com/karolswdev/docloom/cmd/docloom/main.go:11.13,13.34 1 0
github.com/karolswdev/docloom/cmd/docloom/main.go:13.34,14.46 1 0
github.com/karolswdev/docloom/cmd/docloom/main.go:14.46,17.4 2 0
github.com/karolswdev/docloom/cmd/docloom/main.go:20.2,20.38 1 0
github.com/karolswdev/docloom/cmd/docloom/main.go:20.38,22.3 1 0
github.com/karolswdev/docloom/internal/chunk/chunker.go:20.41,25.2 1 8
github.com/karolswdev/docloom/internal/chunk/chunker.go:29.57,30.19 1 6
github.com/karolswdev/docloom/internal/chunk/chunker.go:30.19,32.3 1 1
github.com/karolswdev/docloom/internal/chunk/chunker.go:35.2,44.36 3 5
github.com/karolswdev/docloom/internal/chunk/chunker.go:44.36,47.3 2 2
github.com/karolswdev/docloom/internal/chunk/chunker.go:50.2,62.18 4 3
github.com/karolswdev/docloom/internal/chunk/chunker.go:66.51,67.16 1 22
github.com/karolswdev/docloom/internal/chunk/chunker.go:67.16,69.3 1 1
github.com/karolswdev/docloom/internal/chunk/chunker.go:74.2,77.25 3 21
github.com/karolswdev/docloom/internal/chunk/chunker.go:77.25,78.25 1 10056
github.com/karolswdev/docloom/internal/chunk/chunker.go:78.25,79.14 1 1615
github.com/karolswdev/docloom/internal/chunk/chunker.go:79.14,82.5 2 1608
github.com/karolswdev/docloom/internal/chunk/chunker.go:83.9,85.4 1 8441
github.com/karolswdev/docloom/internal/chunk/chunker.go:88.2,88.12 1 21
github.com/karolswdev/docloom/internal/chunk/chunker.go:88.12,90.3 1 19
github.com/karolswdev/docloom/internal/chunk/chunker.go:93.2,99.17 3 21
github.com/karolswdev/docloom/internal/chunk/chunker.go:103.70,104.30 1 3
github.com/karolswdev/docloom/internal/chunk/chunker.go:104.30,106.3 1 0
github.com/karolswdev/docloom/internal/chunk/chunker.go:109.2,113.32 3 3
github.com/karolswdev/docloom/internal/chunk/chunker.go:113.32,115.3 1 1
github.com/karolswdev/docloom/internal/chunk/chunker.go:118.2,121.35 3 2
github.com/karolswdev/docloom/internal/chunk/chunker.go:121.35,123.25 2 12
github.com/karolswdev/docloom/internal/chunk/chunker.go:123.25,125.4 1 2
github.com/karolswdev/docloom/internal/chunk/chunker.go:128.2,128.31 1 2
github.com/karolswdev/docloom/internal/chunk/chunker.go:128.31,131.3 1 2
github.com/karolswdev/docloom/internal/chunk/chunker.go:134.2,135.19 2 0
github.com/karolswdev/docloom/internal/chunk/chunker.go:135.19,137.3 1 0
github.com/karolswdev/docloom/internal/chunk/chunker.go:140.2,140.68 1 0
github.com/karolswdev/docloom/internal/chunk/chunker.go:145.62,146.19 1 1
github.com/karolswdev/docloom/internal/chunk/chunker.go:146.19,148.3 1 0
github.com/karolswdev/docloom/internal/chunk/chunker.go:151.2,157.34 5 1
github.com/karolswdev/docloom/internal/chunk/chunker.go:157.34,159.17 2 4
github.com/karolswdev/docloom/internal/chunk/chunker.go:159.17,160.12 1 0
github.com/karolswdev/docloom/internal/chunk/chunker.go:163.3,166.67 2 4
github.com/karolswdev/docloom/internal/chunk/chunker.go:166.67,170.4 3 3
github.com/karolswdev/docloom/internal/chunk/chunker.go:170.9,171.26 1 1
github.com/karolswdev/docloom/internal/chunk/chunker.go:171.26,173.5 1 0
github.com/karolswdev/docloom/internal/chunk/chunker.go:174.4,175.31 2 1
github.com/karolswdev/docloom/internal/chunk/chunker.go:180.2,180.24 1 1
github.com/karolswdev/docloom/internal/chunk/chunker.go:180.24,182.3 1 1
github.com/karolswdev/docloom/internal/chunk/chunker.go:184.2,189.15 2 1
github.com/karolswdev/docloom/internal/agent/cache.go:16.49,19.51 2 2
github.com/karolswdev/docloom/internal/agent/cache.go:19.51,21.3 1 0
github.com/karolswdev/docloom/internal/agent/cache.go:23.2,25.8 1 2
github.com/karolswdev/docloom/internal/agent/cache.go:29.78,35.50 4 2
github.com/karolswdev/docloom/internal/agent/cache.go:35.50,37.3 1 0
github.com/karolswdev/docloom/internal/agent/cache.go:39.2,39.20 1 2
github.com/karolswdev/docloom/internal/agent/cache.go:43.45,45.2 1 0
github.com/karolswdev/docloom/internal/agent/cache.go:48.59,50.16 2 0
github.com/karolswdev/docloom/internal/agent/cache.go:50.16,52.3 1 0
github.com/karolswdev/docloom/internal/agent/cache.go:54.2,55.32 2 0
github.com/karolswdev/docloom/internal/agent/cache.go:55.32,56.20 1 0
github.com/karolswdev/docloom/internal/agent/cache.go:56.20,58.18 2 0
github.com/karolswdev/docloom/internal/agent/cache.go:58.18,59.13 1 0
github.com/karolswdev/docloom/internal/agent/cache.go:61.4,61.37 1 0
github.com/karolswdev/docloom/internal/agent/cache.go:61.37,64.5 2 0
github.com/karolswdev/docloom/internal/agent/cache.go:68.2,68.12 1 0
github.com/karolswdev/docloom/internal/agent/executor.go:29.58,31.16 2 2
github.com/karolswdev/docloom/internal/agent/executor.go:31.16,33.3 1 0
github.com/karolswdev/docloom/internal/agent/executor.go:35.2,38.8 1 2
github.com/karolswdev/docloom/internal/agent/executor.go:49.88,54.22 3 2
github.com/karolswdev/docloom/internal/agent/executor.go:54.22,57.17 3 2
github.com/karolswdev/docloom/internal/agent/executor.go:57.17,59.4 1 0
github.com/karolswdev/docloom/internal/agent/executor.go:60.3,60.67 1 2
github.com/karolswdev/docloom/internal/agent/executor.go:65.2,66.24 2 2
github.com/karolswdev/docloom/internal/agent/executor.go:66.24,68.3 1 0
github.com/karolswdev/docloom/internal/agent/executor.go:70.2,76.41 3 2
github.com/karolswdev/docloom/internal/agent/executor.go:76.41,78.3 1 3
github.com/karolswdev/docloom/internal/agent/executor.go:81.2,81.42 1 2
github.com/karolswdev/docloom/internal/agent/executor.go:81.42,85.30 3 2
github.com/karolswdev/docloom/internal/agent/executor.go:85.30,86.41 1 96
github.com/karolswdev/docloom/internal/agent/executor.go:86.41,89.10 3 1
github.com/karolswdev/docloom/internal/agent/executor.go:92.3,92.13 1 2
github.com/karolswdev/docloom/internal/agent/executor.go:92.13,94.4 1 1
github.com/karolswdev/docloom/internal/agent/executor.go:97.2,101.16 3 2
github.com/karolswdev/docloom/internal/agent/executor.go:101.16,103.3 1 0
github.com/karolswdev/docloom/internal/agent/executor.go:105.2,106.16 2 2
github.com/karolswdev/docloom/internal/agent/executor.go:106.16,108.3 1 0
github.com/karolswdev/docloom/internal/agent/executor.go:111.2,111.36 1 2
github.com/karolswdev/docloom/internal/agent/executor.go:111.36,113.3 1 0
github.com/karolswdev/docloom/internal/agent/executor.go:116.2,120.35 3 2
github.com/karolswdev/docloom/internal/agent/executor.go:120.35,122.3 1 0
github.com/karolswdev/docloom/internal/agent/executor.go:124.2,126.24 2 2
github.com/karolswdev/docloom/internal/agent/executor.go:130.84,132.21 2 4
github.com/karolswdev/docloom/internal/agent/executor.go:132.21,137.3 1 0
github.com/karolswdev/docloom/internal/agent/executor.go:141.61,151.2 1 0
github.com/karolswdev/docloom/internal/agent/registry.go:19.30,30.2 3 5
github.com/karolswdev/docloom/internal/agent/registry.go:33.47,35.2 1 0
github.com/karolswdev/docloom/internal/agent/registry.go:38.37,39.43 1 5
github.com/karolswdev/docloom/internal/agent/registry.go:39.43,40.54 1 5
github.com/karolswdev/docloom/internal/agent/registry.go:40.54,42.27 1 3
github.com/karolswdev/docloom/internal/agent/registry.go:42.27,44.5 1 3
github.com/karolswdev/docloom/internal/agent/registry.go:47.2,47.12 1 2
github.com/karolswdev/docloom/internal/agent/registry.go:51.60,53.16 2 5
github.com/karolswdev/docloom/internal/agent/registry.go:53.16,55.3 1 0
github.com/karolswdev/docloom/internal/agent/registry.go:57.2,57.32 1 5
github.com/karolswdev/docloom/internal/agent/registry.go:57.32,58.20 1 9
github.com/karolswdev/docloom/internal/agent/registry.go:58.20,59.12 1 0
github.com/karolswdev/docloom/internal/agent/registry.go:62.3,62.102 1 9
github.com/karolswdev/docloom/internal/agent/registry.go:62.102,64.48 2 7
github.com/karolswdev/docloom/internal/agent/registry.go:64.48,66.5 1 3
github.com/karolswdev/docloom/internal/agent/registry.go:70.2,70.12 1 2
github.com/karolswdev/docloom/internal/agent/registry.go:74.49,76.16 2 7
github.com/karolswdev/docloom/internal/agent/registry.go:76.16,78.3 1 0
github.com/karolswdev/docloom/internal/agent/registry.go:80.2,81.51 2 7
github.com/karolswdev/docloom/internal/agent/registry.go:81.51,83.3 1 0
github.com/karolswdev/docloom/internal/agent/registry.go:86.2,86.26 1 7
github.com/karolswdev/docloom/internal/agent/registry.go:86.26,88.3 1 1
github.com/karolswdev/docloom/internal/agent/registry.go:89.2,89.33 1 6
github.com/karolswdev/docloom/internal/agent/registry.go:89.33,91.3 1 1
github.com/karolswdev/docloom/internal/agent/registry.go:92.2,92.29 1 5
github.com/karolswdev/docloom/internal/agent/registry.go:92.29,94.3 1 1
github.com/karolswdev/docloom/internal/agent/registry.go:96.2,97.12 2 4
github.com/karolswdev/docloom/internal/agent/registry.go:101.57,104.2 2 3
github.com/karolswdev/docloom/internal/agent/registry.go:107.41,109.33 2 1
github.com/karolswdev/docloom/internal/agent/registry.go:109.33,111.3 1 2
github.com/karolswdev/docloom/internal/agent/registry.go:112.2,112.15 1 1
github.com/karolswdev/docloom/internal/ai/client.go:40.60,41.25 1 11
github.com/karolswdev/docloom/internal/ai/client.go:41.25,43.3 1 1
github.com/karolswdev/docloom/internal/ai/client.go:44.2,44.24 1 10
github.com/karolswdev/docloom/internal/ai/client.go:44.24,46.3 1 1
github.com/karolswdev/docloom/internal/ai/client.go:47.2,47.26 1 9
github.com/karolswdev/docloom/internal/ai/client.go:47.26,49.3 1 1
github.com/karolswdev/docloom/internal/ai/client.go:50.2,50.28 1 9
github.com/karolswdev/docloom/internal/ai/client.go:50.28,52.3 1 7
github.com/karolswdev/docloom/internal/ai/client.go:53.2,53.28 1 9
github.com/karolswdev/docloom/internal/ai/client.go:53.28,55.3 1 7
github.com/karolswdev/docloom/internal/ai/client.go:56.2,56.27 1 9
github.com/karolswdev/docloom/internal/ai/client.go:56.27,58.3 1 9
github.com/karolswdev/docloom/internal/ai/client.go:60.2,66.8 3 9
github.com/karolswdev/docloom/internal/ai/client.go:70.89,74.62 3 8
github.com/karolswdev/docloom/internal/ai/client.go:74.62,75.18 1 11
github.com/karolswdev/docloom/internal/ai/client.go:75.18,81.11 2 3
github.com/karolswdev/docloom/internal/ai/client.go:82.29,82.29 0 2
github.com/karolswdev/docloom/internal/ai/client.go:84.22,85.25 1 1
github.com/karolswdev/docloom/internal/ai/client.go:89.4,89.14 1 2
github.com/karolswdev/docloom/internal/ai/client.go:92.3,93.17 2 10
github.com/karolswdev/docloom/internal/ai/client.go:93.17,95.4 1 6
github.com/karolswdev/docloom/internal/ai/client.go:97.3,100.29 2 4
github.com/karolswdev/docloom/internal/ai/client.go:100.29,102.4 1 1
github.com/karolswdev/docloom/internal/ai/client.go:104.3,108.40 1 3
github.com/karolswdev/docloom/internal/ai/client.go:111.2,111.86 1 0
github.com/karolswdev/docloom/internal/ai/client.go:114.88,136.26 3 10
github.com/karolswdev/docloom/internal/ai/client.go:136.26,138.3 1 0
github.com/karolswdev/docloom/internal/ai/client.go:140.2,141.16 2 10
github.com/karolswdev/docloom/internal/ai/client.go:141.16,143.3 1 3
github.com/karolswdev/docloom/internal/ai/client.go:145.2,145.28 1 7
github.com/karolswdev/docloom/internal/ai/client.go:145.28,147.3 1 0
github.com/karolswdev/docloom/internal/ai/client.go:149.2,153.68 3 7
github.com/karolswdev/docloom/internal/ai/client.go:153.68,155.3 1 1
github.com/karolswdev/docloom/internal/ai/client.go:157.2,157.21 1 6
github.com/karolswdev/docloom/internal/ai/client.go:161.39,162.16 1 4
github.com/karolswdev/docloom/internal/ai/client.go:162.16,164.3 1 0
github.com/karolswdev/docloom/internal/ai/client.go:167.2,168.29 2 4
github.com/karolswdev/docloom/internal/ai/client.go:168.29,170.32 1 3
github.com/karolswdev/docloom/internal/ai/client.go:175.8,176.15 1 3
github.com/karolswdev/docloom/internal/ai/client.go:181.2,181.38 1 1
github.com/karolswdev/docloom/internal/ai/client.go:181.38,183.3 1 0
github.com/karolswdev/docloom/internal/ai/client.go:186.2,186.46 1 1
github.com/karolswdev/docloom/internal/ai/client.go:186.46,188.3 1 0
github.com/karolswdev/docloom/internal/ai/client.go:190.2,190.14 1 1
github.com/karolswdev/docloom/internal/version/version.go:27.20,39.2 1 1
github.com/karolswdev/docloom/internal/version/version.go:42.21,44.2 1 1
github.com/karolswdev/docloom/internal/templates/registry.go:35.30,39.2 1 5
github.com/karolswdev/docloom/internal/templates/registry.go:42.41,50.2 3 4
github.com/karolswdev/docloom/internal/templates/registry.go:53.56,57.81 2 1
github.com/karolswdev/docloom/internal/templates/registry.go:57.81,58.17 1 6
github.com/karolswdev/docloom/internal/templates/registry.go:58.17,60.4 1 0
github.com/karolswdev/docloom/internal/templates/registry.go:63.3,63.19 1 6
github.com/karolswdev/docloom/internal/templates/registry.go:63.19,65.4 1 2
github.com/karolswdev/docloom/internal/templates/registry.go:68.3,68.47 1 4
github.com/karolswdev/docloom/internal/templates/registry.go:68.47,72.4 2 1
github.com/karolswdev/docloom/internal/templates/registry.go:74.3,74.13 1 4
github.com/karolswdev/docloom/internal/templates/registry.go:77.2,77.12 1 1
github.com/karolswdev/docloom/internal/templates/registry.go:81.45,108.2 7 1
github.com/karolswdev/docloom/internal/templates/registry.go:111.47,141.2 3 4
github.com/karolswdev/docloom/internal/templates/registry.go:144.56,146.13 2 6
github.com/karolswdev/docloom/internal/templates/registry.go:146.13,148.3 1 1
github.com/karolswdev/docloom/internal/templates/registry.go:149.2,149.18 1 5
github.com/karolswdev/docloom/internal/templates/registry.go:153.64,154.44 1 0
github.com/karolswdev/docloom/internal/templates/registry.go:154.44,156.3 1 0
github.com/karolswdev/docloom/internal/templates/registry.go:157.2,158.12 2 0
github.com/karolswdev/docloom/internal/templates/registry.go:162.36,164.32 2 1
github.com/karolswdev/docloom/internal/templates/registry.go:164.32,166.3 1 3
github.com/karolswdev/docloom/internal/templates/registry.go:167.2,167.14 1 1
github.com/karolswdev/docloom/internal/templates/registry.go:171.80,173.35 2 0
github.com/karolswdev/docloom/internal/templates/registry.go:173.35,178.3 1 0
github.com/karolswdev/docloom/internal/templates/registry.go:179.2,179.15 1 0
github.com/karolswdev/docloom/internal/config/config.go:26.30,37.2 1 12
github.com/karolswdev/docloom/internal/config/config.go:42.84,47.22 2 11
github.com/karolswdev/docloom/internal/config/config.go:47.22,50.3 1 0
github.com/karolswdev/docloom/internal/config/config.go:53.2,59.39 3 11
github.com/karolswdev/docloom/internal/config/config.go:59.39,61.3 1 0
github.com/karolswdev/docloom/internal/config/config.go:63.2,63.17 1 11
github.com/karolswdev/docloom/internal/config/config.go:67.84,72.21 2 7
github.com/karolswdev/docloom/internal/config/config.go:72.21,74.3 1 6
github.com/karolswdev/docloom/internal/config/config.go:77.2,77.20 1 7
github.com/karolswdev/docloom/internal/config/config.go:77.20,79.3 1 4
github.com/karolswdev/docloom/internal/config/config.go:82.2,82.20 1 7
github.com/karolswdev/docloom/internal/config/config.go:82.20,84.3 1 2
github.com/karolswdev/docloom/internal/config/config.go:86.2,86.15 1 7
github.com/karolswdev/docloom/internal/config/config.go:90.45,96.2 2 0
github.com/karolswdev/docloom/internal/config/config.go:99.31,101.50 1 11
github.com/karolswdev/docloom/internal/config/config.go:101.50,103.3 1 3
github.com/karolswdev/docloom/internal/config/config.go:106.2,106.53 1 11
github.com/karolswdev/docloom/internal/config/config.go:106.53,108.3 1 3
github.com/karolswdev/docloom/internal/config/config.go:111.2,111.52 1 11
github.com/karolswdev/docloom/internal/config/config.go:111.52,113.3 1 0
github.com/karolswdev/docloom/internal/config/config.go:113.8,113.58 1 11
github.com/karolswdev/docloom/internal/config/config.go:113.58,115.3 1 1
github.com/karolswdev/docloom/internal/config/config.go:118.2,118.56 1 11
github.com/karolswdev/docloom/internal/config/config.go:118.56,121.3 1 0
github.com/karolswdev/docloom/internal/config/config.go:124.2,124.57 1 11
github.com/karolswdev/docloom/internal/config/config.go:124.57,126.3 1 0
github.com/karolswdev/docloom/internal/config/config.go:130.61,131.44 1 12
github.com/karolswdev/docloom/internal/config/config.go:131.44,133.3 1 12
github.com/karolswdev/docloom/internal/config/config.go:137.55,138.30 1 0
github.com/karolswdev/docloom/internal/config/config.go:138.30,140.3 1 0
github.com/karolswdev/docloom/internal/config/config.go:144.61,145.34 1 0
github.com/karolswdev/docloom/internal/config/config.go:145.34,147.3 1 0
github.com/karolswdev/docloom/internal/config/config.go:151.57,152.31 1 0
github.com/karolswdev/docloom/internal/config/config.go:152.31,154.3 1 0
github.com/karolswdev/docloom/internal/config/config.go:158.71,159.22 1 11
github.com/karolswdev/docloom/internal/config/config.go:159.22,161.3 1 3
github.com/karolswdev/docloom/internal/config/config.go:164.2,164.36 1 8
github.com/karolswdev/docloom/internal/config/config.go:164.36,165.14 1 12
github.com/karolswdev/docloom/internal/config/config.go:166.16,167.42 1 6
github.com/karolswdev/docloom/internal/config/config.go:168.19,169.44 1 6
github.com/karolswdev/docloom/internal/config/config.go:170.18,171.43 1 0
github.com/karolswdev/docloom/internal/config/config.go:172.22,173.47 1 0
github.com/karolswdev/docloom/internal/config/config.go:174.15,175.38 1 0
github.com/karolswdev/docloom/internal/config/config.go:176.22,177.44 1 0
github.com/karolswdev/docloom/internal/config/config.go:178.23,179.48 1 0
github.com/karolswdev/docloom/internal/config/config.go:180.16,181.40 1 0
github.com/karolswdev/docloom/internal/config/config.go:182.18,183.42 1 0
github.com/karolswdev/docloom/internal/config/config.go:184.18,185.41 1 0
github.com/karolswdev/docloom/internal/config/config.go:191.35,193.22 1 15
github.com/karolswdev/docloom/internal/config/config.go:193.22,195.3 1 1
github.com/karolswdev/docloom/internal/config/config.go:197.2,197.44 1 15
github.com/karolswdev/docloom/internal/config/config.go:197.44,199.3 1 2
github.com/karolswdev/docloom/internal/config/config.go:202.2,202.59 1 15
github.com/karolswdev/docloom/internal/config/config.go:202.59,203.40 1 11
github.com/karolswdev/docloom/internal/config/config.go:203.40,205.4 1 11
github.com/karolswdev/docloom/internal/config/config.go:208.2,208.12 1 15
github.com/karolswdev/docloom/internal/config/config.go:212.34,214.20 2 3
github.com/karolswdev/docloom/internal/config/config.go:214.20,215.24 1 2
github.com/karolswdev/docloom/internal/config/config.go:215.24,217.4 1 1
github.com/karolswdev/docloom/internal/config/config.go:217.9,219.4 1 1
github.com/karolswdev/docloom/internal/config/config.go:222.2,230.10 1 3
github.com/karolswdev/docloom/internal/prompt/builder.go:14.28,16.2 1 7
github.com/karolswdev/docloom/internal/prompt/builder.go:19.122,22.28 2 11
github.com/karolswdev/docloom/internal/prompt/builder.go:23.14,24.17 1 1
github.com/karolswdev/docloom/internal/prompt/builder.go:25.14,26.25 1 1
github.com/karolswdev/docloom/internal/prompt/builder.go:27.10,29.17 2 9
github.com/karolswdev/docloom/internal/prompt/builder.go:29.17,31.4 1 1
github.com/karolswdev/docloom/internal/prompt/builder.go:32.3,32.35 1 8
github.com/karolswdev/docloom/internal/prompt/builder.go:36.2,64.36 23 10
github.com/karolswdev/docloom/internal/prompt/builder.go:68.140,71.28 2 5
github.com/karolswdev/docloom/internal/prompt/builder.go:72.14,73.17 1 1
github.com/karolswdev/docloom/internal/prompt/builder.go:74.14,75.25 1 1
github.com/karolswdev/docloom/internal/prompt/builder.go:76.10,78.17 2 3
github.com/karolswdev/docloom/internal/prompt/builder.go:78.17,80.4 1 0
github.com/karolswdev/docloom/internal/prompt/builder.go:81.3,81.35 1 3
github.com/karolswdev/docloom/internal/prompt/builder.go:84.2,117.36 27 5
github.com/karolswdev/docloom/internal/prompt/builder.go:122.53,126.2 1 4
github.com/karolswdev/docloom/internal/render/renderer.go:21.46,25.2 1 1
github.com/karolswdev/docloom/internal/render/renderer.go:29.79,38.88 3 13
github.com/karolswdev/docloom/internal/render/renderer.go:38.88,41.23 2 39
github.com/karolswdev/docloom/internal/render/renderer.go:41.23,43.4 1 0
github.com/karolswdev/docloom/internal/render/renderer.go:45.3,48.53 2 39
github.com/karolswdev/docloom/internal/render/renderer.go:48.53,50.29 1 38
github.com/karolswdev/docloom/internal/render/renderer.go:51.16,52.13 1 35
github.com/karolswdev/docloom/internal/render/renderer.go:53.16,54.21 1 0
github.com/karolswdev/docloom/internal/render/renderer.go:55.12,58.19 2 3
github.com/karolswdev/docloom/internal/render/renderer.go:58.19,61.6 2 0
github.com/karolswdev/docloom/internal/render/renderer.go:63.5,64.67 2 3
github.com/karolswdev/docloom/internal/render/renderer.go:64.67,66.6 1 0
github.com/karolswdev/docloom/internal/render/renderer.go:67.5,67.15 1 3
github.com/karolswdev/docloom/internal/render/renderer.go:71.3,72.15 2 1
github.com/karolswdev/docloom/internal/render/renderer.go:75.2,75.22 1 13
github.com/karolswdev/docloom/internal/render/renderer.go:79.104,82.16 2 1
github.com/karolswdev/docloom/internal/render/renderer.go:82.16,84.3 1 0
github.com/karolswdev/docloom/internal/render/renderer.go:87.2,88.63 2 1
github.com/karolswdev/docloom/internal/render/renderer.go:88.63,90.3 1 0
github.com/karolswdev/docloom/internal/render/renderer.go:93.2,93.87 1 1
github.com/karolswdev/docloom/internal/render/renderer.go:93.87,95.3 1 0
github.com/karolswdev/docloom/internal/render/renderer.go:98.2,102.16 3 1
github.com/karolswdev/docloom/internal/render/renderer.go:102.16,104.3 1 0
github.com/karolswdev/docloom/internal/render/renderer.go:107.2,107.63 1 1
github.com/karolswdev/docloom/internal/render/renderer.go:107.63,109.3 1 0
github.com/karolswdev/docloom/internal/render/renderer.go:111.2,116.12 2 1
github.com/karolswdev/docloom/internal/render/renderer.go:120.101,123.16 2 0
github.com/karolswdev/docloom/internal/render/renderer.go:123.16,125.3 1 0
github.com/karolswdev/docloom/internal/render/renderer.go:128.2,129.16 2 0
github.com/karolswdev/docloom/internal/render/renderer.go:129.16,131.3 1 0
github.com/karolswdev/docloom/internal/render/renderer.go:134.2,135.61 2 0
github.com/karolswdev/docloom/internal/render/renderer.go:135.61,137.3 1 0
github.com/karolswdev/docloom/internal/render/renderer.go:140.2,140.60 1 0
github.com/karolswdev/docloom/internal/render/renderer.go:144.107,147.16 2 1
github.com/karolswdev/docloom/internal/render/renderer.go:147.16,149.3 1 0
github.com/karolswdev/docloom/internal/render/renderer.go:152.2,152.66 1 1
github.com/karolswdev/docloom/internal/render/renderer.go:152.66,154.3 1 0
github.com/karolswdev/docloom/internal/render/renderer.go:157.2,159.47 3 1
github.com/karolswdev/docloom/internal/render/renderer.go:159.47,161.3 1 0
github.com/karolswdev/docloom/internal/render/renderer.go:163.2,163.12 1 1
github.com/karolswdev/docloom/internal/render/renderer.go:167.81,170.28 2 22
github.com/karolswdev/docloom/internal/render/renderer.go:170.28,172.19 2 47
github.com/karolswdev/docloom/internal/render/renderer.go:172.19,174.4 1 21
github.com/karolswdev/docloom/internal/render/renderer.go:176.3,176.28 1 47
github.com/karolswdev/docloom/internal/render/renderer.go:177.31,179.47 1 9
github.com/karolswdev/docloom/internal/render/renderer.go:179.47,181.5 1 23
github.com/karolswdev/docloom/internal/render/renderer.go:182.11,184.27 1 38
github.com/karolswdev/docloom/internal/render/renderer.go:188.2,188.15 1 22
github.com/karolswdev/docloom/internal/validate/validator.go:17.32,19.2 1 8
github.com/karolswdev/docloom/internal/validate/validator.go:22.70,25.67 2 8
github.com/karolswdev/docloom/internal/validate/validator.go:25.67,27.3 1 1
github.com/karolswdev/docloom/internal/validate/validator.go:30.2,35.74 4 7
github.com/karolswdev/docloom/internal/validate/validator.go:35.74,37.3 1 0
github.com/karolswdev/docloom/internal/validate/validator.go:40.2,41.16 2 7
github.com/karolswdev/docloom/internal/validate/validator.go:41.16,43.3 1 0
github.com/karolswdev/docloom/internal/validate/validator.go:46.2,46.50 1 7
github.com/karolswdev/docloom/internal/validate/validator.go:46.50,48.3 1 4
github.com/karolswdev/docloom/internal/validate/validator.go:50.2,50.12 1 3
github.com/karolswdev/docloom/internal/validate/validator.go:61.42,62.19 1 4
github.com/karolswdev/docloom/internal/validate/validator.go:62.19,64.3 1 0
github.com/karolswdev/docloom/internal/validate/validator.go:65.2,65.56 1 4
github.com/karolswdev/docloom/internal/validate/validator.go:69.42,70.16 1 4
github.com/karolswdev/docloom/internal/validate/validator.go:70.16,72.3 1 0
github.com/karolswdev/docloom/internal/validate/validator.go:76.2,87.55 3 4
github.com/karolswdev/docloom/internal/validate/validator.go:87.55,89.22 2 0
github.com/karolswdev/docloom/internal/validate/validator.go:89.22,92.53 2 0
github.com/karolswdev/docloom/internal/validate/validator.go:92.53,94.54 2 0
github.com/karolswdev/docloom/internal/validate/validator.go:94.54,96.6 1 0
github.com/karolswdev/docloom/internal/validate/validator.go:99.3,99.22 1 0
github.com/karolswdev/docloom/internal/validate/validator.go:99.22,102.4 1 0
github.com/karolswdev/docloom/internal/validate/validator.go:105.2,105.22 1 4
github.com/karolswdev/docloom/internal/validate/validator.go:109.102,116.67 3 1
github.com/karolswdev/docloom/internal/validate/validator.go:116.67,123.3 3 0
github.com/karolswdev/docloom/internal/validate/validator.go:126.2,131.74 4 1
github.com/karolswdev/docloom/internal/validate/validator.go:131.74,133.3 1 0
github.com/karolswdev/docloom/internal/validate/validator.go:136.2,137.16 2 1
github.com/karolswdev/docloom/internal/validate/validator.go:137.16,139.3 1 0
github.com/karolswdev/docloom/internal/validate/validator.go:142.2,142.50 1 1
github.com/karolswdev/docloom/internal/validate/validator.go:142.50,151.49 3 1
github.com/karolswdev/docloom/internal/validate/validator.go:151.49,153.4 1 0
github.com/karolswdev/docloom/internal/validate/validator.go:155.3,155.47 1 1
github.com/karolswdev/docloom/internal/validate/validator.go:158.2,158.20 1 1
github.com/karolswdev/docloom/internal/generate/orchestrator.go:50.56,52.48 2 5
github.com/karolswdev/docloom/internal/generate/orchestrator.go:52.48,55.3 1 0
github.com/karolswdev/docloom/internal/generate/orchestrator.go:57.2,65.3 1 5
github.com/karolswdev/docloom/internal/generate/orchestrator.go:69.146,74.54 4 1
github.com/karolswdev/docloom/internal/generate/orchestrator.go:74.54,77.19 2 2
github.com/karolswdev/docloom/internal/generate/orchestrator.go:77.19,81.4 3 1
github.com/karolswdev/docloom/internal/generate/orchestrator.go:81.9,85.18 3 1
github.com/karolswdev/docloom/internal/generate/orchestrator.go:85.18,87.5 1 0
github.com/karolswdev/docloom/internal/generate/orchestrator.go:88.4,88.32 1 1
github.com/karolswdev/docloom/internal/generate/orchestrator.go:92.3,94.17 3 2
github.com/karolswdev/docloom/internal/generate/orchestrator.go:94.17,96.4 1 0
github.com/karolswdev/docloom/internal/generate/orchestrator.go:97.3,101.23 3 2
github.com/karolswdev/docloom/internal/generate/orchestrator.go:101.23,103.4 1 0
github.com/karolswdev/docloom/internal/generate/orchestrator.go:105.3,106.27 2 2
github.com/karolswdev/docloom/internal/generate/orchestrator.go:106.27,109.4 2 1
github.com/karolswdev/docloom/internal/generate/orchestrator.go:111.3,112.86 2 1
github.com/karolswdev/docloom/internal/generate/orchestrator.go:115.2,115.102 1 0
github.com/karolswdev/docloom/internal/generate/orchestrator.go:119.108,127.34 8 2
github.com/karolswdev/docloom/internal/generate/orchestrator.go:127.34,129.3 1 0
github.com/karolswdev/docloom/internal/generate/orchestrator.go:129.8,131.3 1 2
github.com/karolswdev/docloom/internal/generate/orchestrator.go:132.2,134.22 3 2
github.com/karolswdev/docloom/internal/generate/orchestrator.go:134.22,137.3 2 0
github.com/karolswdev/docloom/internal/generate/orchestrator.go:138.2,139.12 2 2
github.com/karolswdev/docloom/internal/generate/orchestrator.go:143.74,145.48 1 4
github.com/karolswdev/docloom/internal/generate/orchestrator.go:145.48,147.3 1 0
github.com/karolswdev/docloom/internal/generate/orchestrator.go:150.2,150.17 1 4
github.com/karolswdev/docloom/internal/generate/orchestrator.go:150.17,151.53 1 4
github.com/karolswdev/docloom/internal/generate/orchestrator.go:151.53,153.4 1 1
github.com/karolswdev/docloom/internal/generate/orchestrator.go:157.2,158.16 2 3
github.com/karolswdev/docloom/internal/generate/orchestrator.go:158.16,160.3 1 0
github.com/karolswdev/docloom/internal/generate/orchestrator.go:163.2,168.16 6 3
github.com/karolswdev/docloom/internal/generate/orchestrator.go:168.16,170.3 1 0
github.com/karolswdev/docloom/internal/generate/orchestrator.go:171.2,178.16 6 3
github.com/karolswdev/docloom/internal/generate/orchestrator.go:178.16,180.3 1 0
github.com/karolswdev/docloom/internal/generate/orchestrator.go:181.2,183.17 2 3
github.com/karolswdev/docloom/internal/generate/orchestrator.go:183.17,185.3 1 2
github.com/karolswdev/docloom/internal/generate/orchestrator.go:188.2,189.16 2 1
github.com/karolswdev/docloom/internal/generate/orchestrator.go:189.16,191.3 1 0
github.com/karolswdev/docloom/internal/generate/orchestrator.go:194.2,195.76 2 1
github.com/karolswdev/docloom/internal/generate/orchestrator.go:195.76,197.3 1 0
github.com/karolswdev/docloom/internal/generate/orchestrator.go:198.2,206.71 5 1
github.com/karolswdev/docloom/internal/generate/orchestrator.go:206.71,208.3 1 0
github.com/karolswdev/docloom/internal/generate/orchestrator.go:209.2,213.85 3 1
github.com/karolswdev/docloom/internal/generate/orchestrator.go:213.85,215.3 1 0
github.com/karolswdev/docloom/internal/generate/orchestrator.go:217.2,223.12 3 1
github.com/karolswdev/docloom/internal/generate/orchestrator.go:227.60,228.29 1 10
github.com/karolswdev/docloom/internal/generate/orchestrator.go:228.29,230.3 1 1
github.com/karolswdev/docloom/internal/generate/orchestrator.go:231.2,231.28 1 9
github.com/karolswdev/docloom/internal/generate/orchestrator.go:231.28,233.3 1 1
github.com/karolswdev/docloom/internal/generate/orchestrator.go:234.2,234.27 1 8
github.com/karolswdev/docloom/internal/generate/orchestrator.go:234.27,236.3 1 1
github.com/karolswdev/docloom/internal/generate/orchestrator.go:237.2,237.39 1 7
github.com/karolswdev/docloom/internal/generate/orchestrator.go:237.39,239.40 1 1
github.com/karolswdev/docloom/internal/generate/orchestrator.go:239.40,241.4 1 1
github.com/karolswdev/docloom/internal/generate/orchestrator.go:243.2,243.25 1 6
github.com/karolswdev/docloom/internal/generate/orchestrator.go:243.25,245.3 1 0
github.com/karolswdev/docloom/internal/generate/orchestrator.go:246.2,246.12 1 6
github.com/karolswdev/docloom/internal/ingest/ingester.go:23.30,27.2 1 10
github.com/karolswdev/docloom/internal/ingest/ingester.go:31.66,35.29 3 9
github.com/karolswdev/docloom/internal/ingest/ingester.go:35.29,37.17 2 10
github.com/karolswdev/docloom/internal/ingest/ingester.go:37.17,39.4 1 1
github.com/karolswdev/docloom/internal/ingest/ingester.go:41.3,41.19 1 9
github.com/karolswdev/docloom/internal/ingest/ingester.go:41.19,43.91 1 3
github.com/karolswdev/docloom/internal/ingest/ingester.go:43.91,44.19 1 13
github.com/karolswdev/docloom/internal/ingest/ingester.go:44.19,46.6 1 0
github.com/karolswdev/docloom/internal/ingest/ingester.go:48.5,48.25 1 13
github.com/karolswdev/docloom/internal/ingest/ingester.go:48.25,50.6 1 5
github.com/karolswdev/docloom/internal/ingest/ingester.go:52.5,52.36 1 8
github.com/karolswdev/docloom/internal/ingest/ingester.go:52.36,54.20 2 5
github.com/karolswdev/docloom/internal/ingest/ingester.go:54.20,57.7 2 0
github.com/karolswdev/docloom/internal/ingest/ingester.go:59.6,59.34 1 5
github.com/karolswdev/docloom/internal/ingest/ingester.go:59.34,61.7 1 4
github.com/karolswdev/docloom/internal/ingest/ingester.go:62.6,65.87 4 5
github.com/karolswdev/docloom/internal/ingest/ingester.go:68.5,68.15 1 8
github.com/karolswdev/docloom/internal/ingest/ingester.go:71.4,71.18 1 3
github.com/karolswdev/docloom/internal/ingest/ingester.go:71.18,73.5 1 0
github.com/karolswdev/docloom/internal/ingest/ingester.go:74.9,76.31 1 6
github.com/karolswdev/docloom/internal/ingest/ingester.go:76.31,78.19 2 5
github.com/karolswdev/docloom/internal/ingest/ingester.go:78.19,80.6 1 0
github.com/karolswdev/docloom/internal/ingest/ingester.go:82.5,82.33 1 5
github.com/karolswdev/docloom/internal/ingest/ingester.go:82.33,84.6 1 0
github.com/karolswdev/docloom/internal/ingest/ingester.go:85.5,88.82 4 5
github.com/karolswdev/docloom/internal/ingest/ingester.go:89.10,91.5 1 1
github.com/karolswdev/docloom/internal/ingest/ingester.go:95.2,95.25 1 8
github.com/karolswdev/docloom/internal/ingest/ingester.go:95.25,97.3 1 2
github.com/karolswdev/docloom/internal/ingest/ingester.go:99.2,100.37 2 6
github.com/karolswdev/docloom/internal/ingest/ingester.go:104.54,106.53 2 14
github.com/karolswdev/docloom/internal/ingest/ingester.go:106.53,107.26 1 30
github.com/karolswdev/docloom/internal/ingest/ingester.go:107.26,109.4 1 10
github.com/karolswdev/docloom/internal/ingest/ingester.go:111.2,111.14 1 4
github.com/karolswdev/docloom/internal/ingest/ingester.go:115.58,117.51 1 10
github.com/karolswdev/docloom/internal/ingest/ingester.go:117.51,119.3 1 1
github.com/karolswdev/docloom/internal/ingest/ingester.go:122.2,123.16 2 9
github.com/karolswdev/docloom/internal/ingest/ingester.go:123.16,125.3 1 0
github.com/karolswdev/docloom/internal/ingest/ingester.go:126.2,129.16 3 9
github.com/karolswdev/docloom/internal/ingest/ingester.go:129.16,131.3 1 0
github.com/karolswdev/docloom/internal/ingest/ingester.go:133.2,133.29 1 9
github.com/karolswdev/docloom/internal/ingest/ingester.go:137.64,139.54 1 1
github.com/karolswdev/docloom/internal/ingest/ingester.go:139.54,144.3 2 0
github.com/karolswdev/docloom/internal/ingest/ingester.go:147.2,153.34 5 1
github.com/karolswdev/docloom/internal/ingest/ingester.go:153.34,160.3 2 0
github.com/karolswdev/docloom/internal/ingest/ingester.go:162.2,163.16 2 1
github.com/karolswdev/docloom/internal/ingest/ingester.go:163.16,165.3 1 0
github.com/karolswdev/docloom/internal/ingest/ingester.go:167.2,167.18 1 1
github.com/karolswdev/docloom/internal/ingest/ingester.go:171.54,172.34 1 5
github.com/karolswdev/docloom/internal/ingest/ingester.go:172.34,174.3 1 2
github.com/karolswdev/docloom/internal/ingest/ingester.go:175.2,178.49 2 5
github.com/karolswdev/docloom/internal/ingest/ingester.go:178.49,179.22 1 9
github.com/karolswdev/docloom/internal/ingest/ingester.go:179.22,181.4 1 3
github.com/karolswdev/docloom/internal/ingest/ingester.go:184.2,184.60 1 2
github.com/karolswdev/docloom/internal/cli/agents.go:33.54,36.45 2 2
github.com/karolswdev/docloom/internal/cli/agents.go:36.45,38.4 1 0
github.com/karolswdev/docloom/internal/cli/agents.go:41.3,42.23 2 2
github.com/karolswdev/docloom/internal/cli/agents.go:42.23,45.4 2 1
github.com/karolswdev/docloom/internal/cli/agents.go:48.3,52.32 4 1
github.com/karolswdev/docloom/internal/cli/agents.go:52.32,54.25 2 2
github.com/karolswdev/docloom/internal/cli/agents.go:54.25,56.5 1 0
github.com/karolswdev/docloom/internal/cli/agents.go:57.4,57.64 1 2
github.com/karolswdev/docloom/internal/cli/agents.go:60.3,60.19 1 1
github.com/karolswdev/docloom/internal/cli/agents.go:71.54,76.45 3 2
github.com/karolswdev/docloom/internal/cli/agents.go:76.45,78.4 1 0
github.com/karolswdev/docloom/internal/cli/agents.go:81.3,82.14 2 2
github.com/karolswdev/docloom/internal/cli/agents.go:82.14,84.4 1 1
github.com/karolswdev/docloom/internal/cli/agents.go:87.3,92.42 5 1
github.com/karolswdev/docloom/internal/cli/agents.go:92.42,94.4 1 1
github.com/karolswdev/docloom/internal/cli/agents.go:96.3,98.41 3 1
github.com/karolswdev/docloom/internal/cli/agents.go:98.41,100.50 2 1
github.com/karolswdev/docloom/internal/cli/agents.go:100.50,102.5 1 2
github.com/karolswdev/docloom/internal/cli/agents.go:105.3,105.40 1 1
github.com/karolswdev/docloom/internal/cli/agents.go:105.40,107.51 2 1
github.com/karolswdev/docloom/internal/cli/agents.go:107.51,110.32 3 3
github.com/karolswdev/docloom/internal/cli/agents.go:110.32,112.6 1 3
github.com/karolswdev/docloom/internal/cli/agents.go:113.5,114.29 2 3
github.com/karolswdev/docloom/internal/cli/agents.go:114.29,116.6 1 2
github.com/karolswdev/docloom/internal/cli/agents.go:117.5,117.22 1 3
github.com/karolswdev/docloom/internal/cli/agents.go:119.9,121.4 1 0
github.com/karolswdev/docloom/internal/cli/agents.go:123.3,123.13 1 1
github.com/karolswdev/docloom/internal/cli/agents.go:127.13,131.2 3 1
github.com/karolswdev/docloom/internal/cli/generate.go:38.54,40.19 1 2
github.com/karolswdev/docloom/internal/cli/generate.go:40.19,42.20 2 1
github.com/karolswdev/docloom/internal/cli/generate.go:42.20,44.5 1 1
github.com/karolswdev/docloom/internal/cli/generate.go:48.3,49.14 2 2
github.com/karolswdev/docloom/internal/cli/generate.go:49.14,60.16 2 0
github.com/karolswdev/docloom/internal/cli/generate.go:60.16,62.5 1 0
github.com/karolswdev/docloom/internal/cli/generate.go:65.4,67.18 3 0
github.com/karolswdev/docloom/internal/cli/generate.go:67.18,69.5 1 0
github.com/karolswdev/docloom/internal/cli/generate.go:73.3,90.15 3 2
github.com/karolswdev/docloom/internal/cli/generate.go:90.15,92.4 1 0
github.com/karolswdev/docloom/internal/cli/generate.go:95.3,96.58 2 2
github.com/karolswdev/docloom/internal/cli/generate.go:96.58,98.4 1 2
github.com/karolswdev/docloom/internal/cli/generate.go:100.3,100.14 1 0
github.com/karolswdev/docloom/internal/cli/generate.go:100.14,102.4 1 0
github.com/karolswdev/docloom/internal/cli/generate.go:104.3,104.13 1 0
github.com/karolswdev/docloom/internal/cli/generate.go:108.13,130.61 14 1
github.com/karolswdev/docloom/internal/cli/generate.go:130.61,131.70 1 0
github.com/karolswdev/docloom/internal/cli/generate.go:133.2,133.60 1 1
github.com/karolswdev/docloom/internal/cli/generate.go:133.60,134.69 1 0
github.com/karolswdev/docloom/internal/cli/root.go:24.60,28.14 2 4
github.com/karolswdev/docloom/internal/cli/root.go:28.14,30.4 1 0
github.com/karolswdev/docloom/internal/cli/root.go:30.9,32.4 1 4
github.com/karolswdev/docloom/internal/cli/root.go:35.3,40.22 2 4
github.com/karolswdev/docloom/internal/cli/root.go:45.22,47.2 1 0
github.com/karolswdev/docloom/internal/cli/root.go:49.13,52.2 1 1
github.com/karolswdev/docloom/internal/cli/root.go:55.34,57.2 1 4
github.com/karolswdev/docloom/internal/cli/root.go:60.33,62.2 1 0
github.com/karolswdev/docloom/internal/cli/templates.go:21.54,43.34 4 0
github.com/karolswdev/docloom/internal/cli/templates.go:43.34,45.4 1 0
github.com/karolswdev/docloom/internal/cli/templates.go:47.3,47.13 1 0
github.com/karolswdev/docloom/internal/cli/templates.go:51.13,54.2 2 1
github.com/karolswdev/docloom/internal/cli/version.go:16.47,18.3 1 0
github.com/karolswdev/docloom/internal/cli/version.go:23.13,28.2 2 1
