mode: atomic
github.com/karolswdev/docloom/cmd/docloom/main.go:11.13,13.34 1 0
github.com/karolswdev/docloom/cmd/docloom/main.go:13.34,14.46 1 0
github.com/karolswdev/docloom/cmd/docloom/main.go:14.46,17.4 2 0
github.com/karolswdev/docloom/cmd/docloom/main.go:20.2,20.38 1 0
github.com/karolswdev/docloom/cmd/docloom/main.go:20.38,22.3 1 0
github.com/karolswdev/docloom/cmd/docloom-agent-csharp/main.go:41.13,42.22 1 0
github.com/karolswdev/docloom/cmd/docloom-agent-csharp/main.go:42.22,45.3 2 0
github.com/karolswdev/docloom/cmd/docloom-agent-csharp/main.go:47.2,62.54 10 0
github.com/karolswdev/docloom/cmd/docloom-agent-csharp/main.go:62.54,65.3 2 0
github.com/karolswdev/docloom/cmd/docloom-agent-csharp/main.go:68.2,69.16 2 0
github.com/karolswdev/docloom/cmd/docloom-agent-csharp/main.go:69.16,72.3 2 0
github.com/karolswdev/docloom/cmd/docloom-agent-csharp/main.go:74.2,81.31 5 0
github.com/karolswdev/docloom/cmd/docloom-agent-csharp/main.go:81.31,85.21 3 0
github.com/karolswdev/docloom/cmd/docloom-agent-csharp/main.go:85.21,87.12 2 0
github.com/karolswdev/docloom/cmd/docloom-agent-csharp/main.go:90.3,91.22 2 0
github.com/karolswdev/docloom/cmd/docloom-agent-csharp/main.go:91.22,93.12 2 0
github.com/karolswdev/docloom/cmd/docloom-agent-csharp/main.go:97.3,97.37 1 0
github.com/karolswdev/docloom/cmd/docloom-agent-csharp/main.go:97.37,98.49 1 0
github.com/karolswdev/docloom/cmd/docloom-agent-csharp/main.go:98.49,100.5 1 0
github.com/karolswdev/docloom/cmd/docloom-agent-csharp/main.go:100.10,103.5 2 0
github.com/karolswdev/docloom/cmd/docloom-agent-csharp/main.go:108.2,108.34 1 0
github.com/karolswdev/docloom/cmd/docloom-agent-csharp/main.go:108.34,109.53 1 0
github.com/karolswdev/docloom/cmd/docloom-agent-csharp/main.go:109.53,111.4 1 0
github.com/karolswdev/docloom/cmd/docloom-agent-csharp/main.go:115.2,118.90 2 0
github.com/karolswdev/docloom/cmd/docloom-agent-csharp/main.go:118.90,121.3 2 0
github.com/karolswdev/docloom/cmd/docloom-agent-csharp/main.go:124.2,124.72 1 0
github.com/karolswdev/docloom/cmd/docloom-agent-csharp/main.go:124.72,127.3 2 0
github.com/karolswdev/docloom/cmd/docloom-agent-csharp/main.go:130.2,130.104 1 0
github.com/karolswdev/docloom/cmd/docloom-agent-csharp/main.go:130.104,133.3 2 0
github.com/karolswdev/docloom/cmd/docloom-agent-csharp/main.go:136.2,138.16 3 0
github.com/karolswdev/docloom/cmd/docloom-agent-csharp/main.go:138.16,141.3 2 0
github.com/karolswdev/docloom/cmd/docloom-agent-csharp/main.go:142.2,142.63 1 0
github.com/karolswdev/docloom/cmd/docloom-agent-csharp/main.go:142.63,145.3 2 0
github.com/karolswdev/docloom/cmd/docloom-agent-csharp/main.go:147.2,147.81 1 0
github.com/karolswdev/docloom/cmd/docloom-agent-csharp/main.go:150.53,153.82 2 0
github.com/karolswdev/docloom/cmd/docloom-agent-csharp/main.go:153.82,154.17 1 0
github.com/karolswdev/docloom/cmd/docloom-agent-csharp/main.go:154.17,156.4 1 0
github.com/karolswdev/docloom/cmd/docloom-agent-csharp/main.go:159.3,159.19 1 0
github.com/karolswdev/docloom/cmd/docloom-agent-csharp/main.go:159.19,161.78 2 0
github.com/karolswdev/docloom/cmd/docloom-agent-csharp/main.go:161.78,163.5 1 0
github.com/karolswdev/docloom/cmd/docloom-agent-csharp/main.go:166.3,166.54 1 0
github.com/karolswdev/docloom/cmd/docloom-agent-csharp/main.go:166.54,168.4 1 0
github.com/karolswdev/docloom/cmd/docloom-agent-csharp/main.go:170.3,170.13 1 0
github.com/karolswdev/docloom/cmd/docloom-agent-csharp/main.go:173.2,173.19 1 0
github.com/karolswdev/docloom/cmd/docloom-agent-csharp/main.go:176.66,182.36 2 0
github.com/karolswdev/docloom/cmd/docloom-agent-csharp/main.go:182.36,185.36 2 0
github.com/karolswdev/docloom/cmd/docloom-agent-csharp/main.go:185.36,186.25 1 0
github.com/karolswdev/docloom/cmd/docloom-agent-csharp/main.go:186.25,189.5 2 0
github.com/karolswdev/docloom/cmd/docloom-agent-csharp/main.go:189.10,191.5 1 0
github.com/karolswdev/docloom/cmd/docloom-agent-csharp/main.go:193.4,193.24 1 0
github.com/karolswdev/docloom/cmd/docloom-agent-csharp/main.go:193.24,195.5 1 0
github.com/karolswdev/docloom/cmd/docloom-agent-csharp/main.go:197.4,197.22 1 0
github.com/karolswdev/docloom/cmd/docloom-agent-csharp/main.go:197.22,199.5 1 0
github.com/karolswdev/docloom/cmd/docloom-agent-csharp/main.go:201.4,205.41 3 0
github.com/karolswdev/docloom/cmd/docloom-agent-csharp/main.go:205.41,207.51 1 0
github.com/karolswdev/docloom/cmd/docloom-agent-csharp/main.go:207.51,209.6 1 0
github.com/karolswdev/docloom/cmd/docloom-agent-csharp/main.go:215.2,217.15 2 0
github.com/karolswdev/docloom/cmd/docloom-agent-csharp/main.go:220.54,228.36 6 0
github.com/karolswdev/docloom/cmd/docloom-agent-csharp/main.go:228.36,229.36 1 0
github.com/karolswdev/docloom/cmd/docloom-agent-csharp/main.go:229.36,232.49 2 0
github.com/karolswdev/docloom/cmd/docloom-agent-csharp/main.go:232.49,234.5 1 0
github.com/karolswdev/docloom/cmd/docloom-agent-csharp/main.go:235.4,235.46 1 0
github.com/karolswdev/docloom/cmd/docloom-agent-csharp/main.go:235.46,237.5 1 0
github.com/karolswdev/docloom/cmd/docloom-agent-csharp/main.go:238.4,238.46 1 0
github.com/karolswdev/docloom/cmd/docloom-agent-csharp/main.go:238.46,240.5 1 0
github.com/karolswdev/docloom/cmd/docloom-agent-csharp/main.go:241.4,241.49 1 0
github.com/karolswdev/docloom/cmd/docloom-agent-csharp/main.go:241.49,243.5 1 0
github.com/karolswdev/docloom/cmd/docloom-agent-csharp/main.go:247.2,247.19 1 0
github.com/karolswdev/docloom/cmd/docloom-agent-csharp/main.go:247.19,249.3 1 0
github.com/karolswdev/docloom/cmd/docloom-agent-csharp/main.go:250.2,250.16 1 0
github.com/karolswdev/docloom/cmd/docloom-agent-csharp/main.go:250.16,252.3 1 0
github.com/karolswdev/docloom/cmd/docloom-agent-csharp/main.go:253.2,253.16 1 0
github.com/karolswdev/docloom/cmd/docloom-agent-csharp/main.go:253.16,255.3 1 0
github.com/karolswdev/docloom/cmd/docloom-agent-csharp/main.go:256.2,256.19 1 0
github.com/karolswdev/docloom/cmd/docloom-agent-csharp/main.go:256.19,258.3 1 0
github.com/karolswdev/docloom/cmd/docloom-agent-csharp/main.go:260.2,260.17 1 0
github.com/karolswdev/docloom/cmd/docloom-agent-csharp/main.go:263.56,265.35 1 0
github.com/karolswdev/docloom/cmd/docloom-agent-csharp/main.go:265.35,266.21 1 0
github.com/karolswdev/docloom/cmd/docloom-agent-csharp/main.go:266.21,268.4 1 0
github.com/karolswdev/docloom/cmd/docloom-agent-csharp/main.go:270.2,270.14 1 0
github.com/karolswdev/docloom/cmd/docloom-agent-csharp/main.go:273.76,306.2 3 0
github.com/karolswdev/docloom/cmd/docloom-agent-csharp/main.go:308.71,314.36 4 0
github.com/karolswdev/docloom/cmd/docloom-agent-csharp/main.go:314.36,315.28 1 0
github.com/karolswdev/docloom/cmd/docloom-agent-csharp/main.go:315.28,317.4 1 0
github.com/karolswdev/docloom/cmd/docloom-agent-csharp/main.go:317.9,319.4 1 0
github.com/karolswdev/docloom/cmd/docloom-agent-csharp/main.go:321.3,321.36 1 0
github.com/karolswdev/docloom/cmd/docloom-agent-csharp/main.go:321.36,323.22 2 0
github.com/karolswdev/docloom/cmd/docloom-agent-csharp/main.go:323.22,325.5 1 0
github.com/karolswdev/docloom/cmd/docloom-agent-csharp/main.go:327.4,328.25 2 0
github.com/karolswdev/docloom/cmd/docloom-agent-csharp/main.go:328.25,330.5 1 0
github.com/karolswdev/docloom/cmd/docloom-agent-csharp/main.go:330.10,330.31 1 0
github.com/karolswdev/docloom/cmd/docloom-agent-csharp/main.go:330.31,332.5 1 0
github.com/karolswdev/docloom/cmd/docloom-agent-csharp/main.go:334.4,336.30 2 0
github.com/karolswdev/docloom/cmd/docloom-agent-csharp/main.go:336.30,338.5 1 0
github.com/karolswdev/docloom/cmd/docloom-agent-csharp/main.go:340.4,340.33 1 0
github.com/karolswdev/docloom/cmd/docloom-agent-csharp/main.go:340.33,342.43 2 0
github.com/karolswdev/docloom/cmd/docloom-agent-csharp/main.go:342.43,343.23 1 0
github.com/karolswdev/docloom/cmd/docloom-agent-csharp/main.go:343.23,345.24 2 0
github.com/karolswdev/docloom/cmd/docloom-agent-csharp/main.go:345.24,347.8 1 0
github.com/karolswdev/docloom/cmd/docloom-agent-csharp/main.go:348.7,349.32 2 0
github.com/karolswdev/docloom/cmd/docloom-agent-csharp/main.go:349.32,351.8 1 0
github.com/karolswdev/docloom/cmd/docloom-agent-csharp/main.go:352.7,352.27 1 0
github.com/karolswdev/docloom/cmd/docloom-agent-csharp/main.go:355.5,355.25 1 0
github.com/karolswdev/docloom/cmd/docloom-agent-csharp/main.go:358.4,358.30 1 0
github.com/karolswdev/docloom/cmd/docloom-agent-csharp/main.go:358.30,360.42 2 0
github.com/karolswdev/docloom/cmd/docloom-agent-csharp/main.go:360.42,361.25 1 0
github.com/karolswdev/docloom/cmd/docloom-agent-csharp/main.go:361.25,363.26 2 0
github.com/karolswdev/docloom/cmd/docloom-agent-csharp/main.go:363.26,365.8 1 0
github.com/karolswdev/docloom/cmd/docloom-agent-csharp/main.go:366.7,367.34 2 0
github.com/karolswdev/docloom/cmd/docloom-agent-csharp/main.go:367.34,369.8 1 0
github.com/karolswdev/docloom/cmd/docloom-agent-csharp/main.go:370.7,370.27 1 0
github.com/karolswdev/docloom/cmd/docloom-agent-csharp/main.go:373.5,373.25 1 0
github.com/karolswdev/docloom/cmd/docloom-agent-csharp/main.go:378.2,379.54 2 0
github.com/karolswdev/docloom/cmd/docloom-agent-csharp/main.go:382.91,388.40 4 0
github.com/karolswdev/docloom/cmd/docloom-agent-csharp/main.go:388.40,389.53 1 0
github.com/karolswdev/docloom/cmd/docloom-agent-csharp/main.go:389.53,391.4 1 0
github.com/karolswdev/docloom/cmd/docloom-agent-csharp/main.go:392.8,394.3 1 0
github.com/karolswdev/docloom/cmd/docloom-agent-csharp/main.go:395.2,399.30 3 0
github.com/karolswdev/docloom/cmd/docloom-agent-csharp/main.go:399.30,401.3 1 0
github.com/karolswdev/docloom/cmd/docloom-agent-csharp/main.go:403.2,403.29 1 0
github.com/karolswdev/docloom/cmd/docloom-agent-csharp/main.go:403.29,405.3 1 0
github.com/karolswdev/docloom/cmd/docloom-agent-csharp/main.go:407.2,407.30 1 0
github.com/karolswdev/docloom/cmd/docloom-agent-csharp/main.go:407.30,409.3 1 0
github.com/karolswdev/docloom/cmd/docloom-agent-csharp/main.go:411.2,411.88 1 0
github.com/karolswdev/docloom/cmd/docloom-agent-csharp/main.go:411.88,413.3 1 0
github.com/karolswdev/docloom/cmd/docloom-agent-csharp/main.go:415.2,418.30 3 0
github.com/karolswdev/docloom/cmd/docloom-agent-csharp/main.go:418.30,420.3 1 0
github.com/karolswdev/docloom/cmd/docloom-agent-csharp/main.go:422.2,422.31 1 0
github.com/karolswdev/docloom/cmd/docloom-agent-csharp/main.go:422.31,424.3 1 0
github.com/karolswdev/docloom/cmd/docloom-agent-csharp/main.go:426.2,426.41 1 0
github.com/karolswdev/docloom/cmd/docloom-agent-csharp/main.go:426.41,428.3 1 0
github.com/karolswdev/docloom/cmd/docloom-agent-csharp/main.go:430.2,431.54 2 0
github.com/karolswdev/docloom/cmd/docloom-agent-csharp/main.go:434.58,436.15 2 0
github.com/karolswdev/docloom/cmd/docloom-agent-csharp/main.go:436.15,438.3 1 0
github.com/karolswdev/docloom/cmd/docloom-agent-csharp/main.go:439.2,439.39 1 0
github.com/karolswdev/docloom/cmd/docloom-agent-csharp/main.go:442.55,444.15 2 0
github.com/karolswdev/docloom/cmd/docloom-agent-csharp/main.go:444.15,446.3 1 0
github.com/karolswdev/docloom/cmd/docloom-agent-csharp/main.go:447.2,448.16 2 0
github.com/karolswdev/docloom/cmd/docloom-agent-csharp/main.go:448.16,450.3 1 0
github.com/karolswdev/docloom/cmd/docloom-agent-csharp/main.go:451.2,451.10 1 0
github.com/karolswdev/docloom/internal/agent/cache.go:17.49,22.51 2 2
github.com/karolswdev/docloom/internal/agent/cache.go:22.51,24.3 1 0
github.com/karolswdev/docloom/internal/agent/cache.go:26.2,28.8 1 2
github.com/karolswdev/docloom/internal/agent/cache.go:32.78,38.50 4 4
github.com/karolswdev/docloom/internal/agent/cache.go:38.50,40.3 1 0
github.com/karolswdev/docloom/internal/agent/cache.go:42.2,42.20 1 4
github.com/karolswdev/docloom/internal/agent/cache.go:46.39,48.16 2 0
github.com/karolswdev/docloom/internal/agent/cache.go:48.16,49.25 1 0
github.com/karolswdev/docloom/internal/agent/cache.go:49.25,51.4 1 0
github.com/karolswdev/docloom/internal/agent/cache.go:52.3,52.63 1 0
github.com/karolswdev/docloom/internal/agent/cache.go:55.2,57.32 2 0
github.com/karolswdev/docloom/internal/agent/cache.go:57.32,58.21 1 0
github.com/karolswdev/docloom/internal/agent/cache.go:58.21,59.12 1 0
github.com/karolswdev/docloom/internal/agent/cache.go:62.3,63.17 2 0
github.com/karolswdev/docloom/internal/agent/cache.go:63.17,64.12 1 0
github.com/karolswdev/docloom/internal/agent/cache.go:67.3,67.36 1 0
github.com/karolswdev/docloom/internal/agent/cache.go:67.36,70.4 2 0
github.com/karolswdev/docloom/internal/agent/cache.go:73.2,73.12 1 0
github.com/karolswdev/docloom/internal/agent/cache.go:77.45,79.2 1 0
github.com/karolswdev/docloom/internal/agent/executor.go:23.93,29.2 1 2
github.com/karolswdev/docloom/internal/agent/executor.go:45.61,48.13 2 4
github.com/karolswdev/docloom/internal/agent/executor.go:48.13,50.3 1 0
github.com/karolswdev/docloom/internal/agent/executor.go:52.2,59.16 3 4
github.com/karolswdev/docloom/internal/agent/executor.go:59.16,61.3 1 0
github.com/karolswdev/docloom/internal/agent/executor.go:64.2,67.45 2 4
github.com/karolswdev/docloom/internal/agent/executor.go:67.45,72.3 3 0
github.com/karolswdev/docloom/internal/agent/executor.go:75.2,75.20 1 4
github.com/karolswdev/docloom/internal/agent/executor.go:75.20,77.3 1 4
github.com/karolswdev/docloom/internal/agent/executor.go:79.2,85.46 3 4
github.com/karolswdev/docloom/internal/agent/executor.go:85.46,86.27 1 11
github.com/karolswdev/docloom/internal/agent/executor.go:86.27,90.4 3 11
github.com/karolswdev/docloom/internal/agent/executor.go:94.2,94.42 1 4
github.com/karolswdev/docloom/internal/agent/executor.go:94.42,97.3 2 5
github.com/karolswdev/docloom/internal/agent/executor.go:99.2,103.16 3 4
github.com/karolswdev/docloom/internal/agent/executor.go:103.16,105.3 1 0
github.com/karolswdev/docloom/internal/agent/executor.go:107.2,108.16 2 4
github.com/karolswdev/docloom/internal/agent/executor.go:108.16,110.3 1 0
github.com/karolswdev/docloom/internal/agent/executor.go:113.2,113.35 1 4
github.com/karolswdev/docloom/internal/agent/executor.go:113.35,115.3 1 0
github.com/karolswdev/docloom/internal/agent/executor.go:118.2,125.16 5 4
github.com/karolswdev/docloom/internal/agent/executor.go:125.16,126.47 1 0
github.com/karolswdev/docloom/internal/agent/executor.go:126.47,132.4 2 0
github.com/karolswdev/docloom/internal/agent/executor.go:132.9,134.4 1 0
github.com/karolswdev/docloom/internal/agent/executor.go:137.2,146.8 2 4
github.com/karolswdev/docloom/internal/agent/executor.go:150.84,152.21 2 8
github.com/karolswdev/docloom/internal/agent/executor.go:152.21,158.3 1 4
github.com/karolswdev/docloom/internal/agent/executor.go:162.60,165.16 2 3
github.com/karolswdev/docloom/internal/agent/executor.go:165.16,167.3 1 0
github.com/karolswdev/docloom/internal/agent/executor.go:169.2,169.23 1 3
github.com/karolswdev/docloom/internal/agent/executor.go:169.23,171.3 1 1
github.com/karolswdev/docloom/internal/agent/executor.go:174.2,175.32 2 2
github.com/karolswdev/docloom/internal/agent/executor.go:175.32,176.60 1 2
github.com/karolswdev/docloom/internal/agent/executor.go:176.60,178.9 2 1
github.com/karolswdev/docloom/internal/agent/executor.go:182.2,182.18 1 2
github.com/karolswdev/docloom/internal/agent/executor.go:182.18,184.3 1 1
github.com/karolswdev/docloom/internal/agent/executor.go:186.2,186.12 1 1
github.com/karolswdev/docloom/internal/agent/registry.go:19.30,24.33 3 7
github.com/karolswdev/docloom/internal/agent/registry.go:24.33,26.3 1 7
github.com/karolswdev/docloom/internal/agent/registry.go:28.2,31.3 1 7
github.com/karolswdev/docloom/internal/agent/registry.go:35.47,37.2 1 2
github.com/karolswdev/docloom/internal/agent/registry.go:40.37,41.43 1 7
github.com/karolswdev/docloom/internal/agent/registry.go:41.43,42.54 1 11
github.com/karolswdev/docloom/internal/agent/registry.go:42.54,44.27 1 7
github.com/karolswdev/docloom/internal/agent/registry.go:44.27,46.5 1 3
github.com/karolswdev/docloom/internal/agent/registry.go:49.2,49.12 1 4
github.com/karolswdev/docloom/internal/agent/registry.go:53.60,55.16 2 11
github.com/karolswdev/docloom/internal/agent/registry.go:55.16,57.3 1 4
github.com/karolswdev/docloom/internal/agent/registry.go:59.2,59.32 1 7
github.com/karolswdev/docloom/internal/agent/registry.go:59.32,60.20 1 15
github.com/karolswdev/docloom/internal/agent/registry.go:60.20,61.12 1 2
github.com/karolswdev/docloom/internal/agent/registry.go:64.3,64.102 1 13
github.com/karolswdev/docloom/internal/agent/registry.go:64.102,66.48 2 9
github.com/karolswdev/docloom/internal/agent/registry.go:66.48,68.5 1 3
github.com/karolswdev/docloom/internal/agent/registry.go:72.2,72.12 1 4
github.com/karolswdev/docloom/internal/agent/registry.go:76.49,78.16 2 9
github.com/karolswdev/docloom/internal/agent/registry.go:78.16,80.3 1 0
github.com/karolswdev/docloom/internal/agent/registry.go:82.2,83.51 2 9
github.com/karolswdev/docloom/internal/agent/registry.go:83.51,85.3 1 0
github.com/karolswdev/docloom/internal/agent/registry.go:88.2,88.26 1 9
github.com/karolswdev/docloom/internal/agent/registry.go:88.26,90.3 1 1
github.com/karolswdev/docloom/internal/agent/registry.go:91.2,91.56 1 8
github.com/karolswdev/docloom/internal/agent/registry.go:91.56,93.3 1 1
github.com/karolswdev/docloom/internal/agent/registry.go:94.2,94.29 1 7
github.com/karolswdev/docloom/internal/agent/registry.go:94.29,96.3 1 1
github.com/karolswdev/docloom/internal/agent/registry.go:98.2,99.12 2 6
github.com/karolswdev/docloom/internal/agent/registry.go:103.57,106.2 2 7
github.com/karolswdev/docloom/internal/agent/registry.go:109.41,111.33 2 1
github.com/karolswdev/docloom/internal/agent/registry.go:111.33,113.3 1 2
github.com/karolswdev/docloom/internal/agent/registry.go:114.2,114.15 1 1
github.com/karolswdev/docloom/internal/agents/csharp/parser/parser.go:80.20,86.2 3 3
github.com/karolswdev/docloom/internal/agents/csharp/parser/parser.go:89.93,91.16 2 3
github.com/karolswdev/docloom/internal/agents/csharp/parser/parser.go:91.16,93.3 1 0
github.com/karolswdev/docloom/internal/agents/csharp/parser/parser.go:94.2,108.17 6 3
github.com/karolswdev/docloom/internal/agents/csharp/parser/parser.go:112.87,113.98 1 206
github.com/karolswdev/docloom/internal/agents/csharp/parser/parser.go:113.98,115.16 2 1
github.com/karolswdev/docloom/internal/agents/csharp/parser/parser.go:115.16,117.4 1 1
github.com/karolswdev/docloom/internal/agents/csharp/parser/parser.go:120.2,120.46 1 206
github.com/karolswdev/docloom/internal/agents/csharp/parser/parser.go:120.46,123.3 2 203
github.com/karolswdev/docloom/internal/agents/csharp/parser/parser.go:127.90,136.32 3 3
github.com/karolswdev/docloom/internal/agents/csharp/parser/parser.go:136.32,138.3 1 1
github.com/karolswdev/docloom/internal/agents/csharp/parser/parser.go:142.78,148.46 2 1
github.com/karolswdev/docloom/internal/agents/csharp/parser/parser.go:148.46,150.77 2 2
github.com/karolswdev/docloom/internal/agents/csharp/parser/parser.go:150.77,152.9 2 1
github.com/karolswdev/docloom/internal/agents/csharp/parser/parser.go:157.2,159.11 2 1
github.com/karolswdev/docloom/internal/agents/csharp/parser/parser.go:163.101,165.16 1 41
github.com/karolswdev/docloom/internal/agents/csharp/parser/parser.go:165.16,167.3 1 0
github.com/karolswdev/docloom/internal/agents/csharp/parser/parser.go:169.2,171.112 2 41
github.com/karolswdev/docloom/internal/agents/csharp/parser/parser.go:171.112,173.19 2 4
github.com/karolswdev/docloom/internal/agents/csharp/parser/parser.go:173.19,175.4 1 4
github.com/karolswdev/docloom/internal/agents/csharp/parser/parser.go:176.3,176.9 1 4
github.com/karolswdev/docloom/internal/agents/csharp/parser/parser.go:180.2,180.92 1 37
github.com/karolswdev/docloom/internal/agents/csharp/parser/parser.go:180.92,181.16 1 2
github.com/karolswdev/docloom/internal/agents/csharp/parser/parser.go:181.16,183.4 1 1
github.com/karolswdev/docloom/internal/agents/csharp/parser/parser.go:186.2,186.46 1 36
github.com/karolswdev/docloom/internal/agents/csharp/parser/parser.go:186.46,189.3 2 37
github.com/karolswdev/docloom/internal/agents/csharp/parser/parser.go:193.70,201.46 2 4
github.com/karolswdev/docloom/internal/agents/csharp/parser/parser.go:201.46,205.36 3 16
github.com/karolswdev/docloom/internal/agents/csharp/parser/parser.go:205.36,207.20 2 4
github.com/karolswdev/docloom/internal/agents/csharp/parser/parser.go:208.24,209.26 1 3
github.com/karolswdev/docloom/internal/agents/csharp/parser/parser.go:210.26,211.28 1 0
github.com/karolswdev/docloom/internal/agents/csharp/parser/parser.go:213.9,213.45 1 12
github.com/karolswdev/docloom/internal/agents/csharp/parser/parser.go:213.45,215.4 1 4
github.com/karolswdev/docloom/internal/agents/csharp/parser/parser.go:215.9,215.45 1 8
github.com/karolswdev/docloom/internal/agents/csharp/parser/parser.go:215.45,218.4 1 4
github.com/karolswdev/docloom/internal/agents/csharp/parser/parser.go:222.2,224.14 2 4
github.com/karolswdev/docloom/internal/agents/csharp/parser/parser.go:228.84,229.46 1 4
github.com/karolswdev/docloom/internal/agents/csharp/parser/parser.go:229.46,233.20 3 28
github.com/karolswdev/docloom/internal/agents/csharp/parser/parser.go:234.29,235.61 1 6
github.com/karolswdev/docloom/internal/agents/csharp/parser/parser.go:235.61,237.5 1 6
github.com/karolswdev/docloom/internal/agents/csharp/parser/parser.go:238.31,239.59 1 2
github.com/karolswdev/docloom/internal/agents/csharp/parser/parser.go:239.59,241.5 1 2
github.com/karolswdev/docloom/internal/agents/csharp/parser/parser.go:242.28,242.28 0 0
github.com/karolswdev/docloom/internal/agents/csharp/parser/parser.go:249.72,254.46 2 6
github.com/karolswdev/docloom/internal/agents/csharp/parser/parser.go:254.46,258.20 3 29
github.com/karolswdev/docloom/internal/agents/csharp/parser/parser.go:259.19,261.20 2 5
github.com/karolswdev/docloom/internal/agents/csharp/parser/parser.go:262.24,263.27 1 4
github.com/karolswdev/docloom/internal/agents/csharp/parser/parser.go:264.24,265.27 1 1
github.com/karolswdev/docloom/internal/agents/csharp/parser/parser.go:267.21,268.59 1 6
github.com/karolswdev/docloom/internal/agents/csharp/parser/parser.go:269.73,270.65 1 6
github.com/karolswdev/docloom/internal/agents/csharp/parser/parser.go:271.25,272.44 1 6
github.com/karolswdev/docloom/internal/agents/csharp/parser/parser.go:277.2,278.38 2 6
github.com/karolswdev/docloom/internal/agents/csharp/parser/parser.go:278.38,280.3 1 5
github.com/karolswdev/docloom/internal/agents/csharp/parser/parser.go:281.2,286.15 3 6
github.com/karolswdev/docloom/internal/agents/csharp/parser/parser.go:290.76,293.46 2 2
github.com/karolswdev/docloom/internal/agents/csharp/parser/parser.go:293.46,297.20 3 8
github.com/karolswdev/docloom/internal/agents/csharp/parser/parser.go:298.19,300.20 2 2
github.com/karolswdev/docloom/internal/agents/csharp/parser/parser.go:301.24,302.25 1 2
github.com/karolswdev/docloom/internal/agents/csharp/parser/parser.go:303.24,304.25 1 0
github.com/karolswdev/docloom/internal/agents/csharp/parser/parser.go:306.21,307.57 1 2
github.com/karolswdev/docloom/internal/agents/csharp/parser/parser.go:308.73,309.57 1 2
github.com/karolswdev/docloom/internal/agents/csharp/parser/parser.go:314.2,316.13 2 2
github.com/karolswdev/docloom/internal/agents/csharp/parser/parser.go:320.84,321.46 1 6
github.com/karolswdev/docloom/internal/agents/csharp/parser/parser.go:321.46,323.34 2 19
github.com/karolswdev/docloom/internal/agents/csharp/parser/parser.go:323.34,326.49 2 5
github.com/karolswdev/docloom/internal/agents/csharp/parser/parser.go:326.49,330.27 3 10
github.com/karolswdev/docloom/internal/agents/csharp/parser/parser.go:331.29,332.70 1 5
github.com/karolswdev/docloom/internal/agents/csharp/parser/parser.go:333.83,334.70 1 5
github.com/karolswdev/docloom/internal/agents/csharp/parser/parser.go:338.4,338.24 1 5
github.com/karolswdev/docloom/internal/agents/csharp/parser/parser.go:338.24,340.5 1 5
github.com/karolswdev/docloom/internal/agents/csharp/parser/parser.go:346.77,348.26 1 12
github.com/karolswdev/docloom/internal/agents/csharp/parser/parser.go:348.26,353.49 3 12
github.com/karolswdev/docloom/internal/agents/csharp/parser/parser.go:353.49,354.31 1 75
github.com/karolswdev/docloom/internal/agents/csharp/parser/parser.go:354.31,356.10 2 12
github.com/karolswdev/docloom/internal/agents/csharp/parser/parser.go:361.3,361.20 1 12
github.com/karolswdev/docloom/internal/agents/csharp/parser/parser.go:361.20,363.36 2 12
github.com/karolswdev/docloom/internal/agents/csharp/parser/parser.go:363.36,369.5 4 6
github.com/karolswdev/docloom/internal/agents/csharp/parser/parser.go:373.2,373.11 1 6
github.com/karolswdev/docloom/internal/render/renderer.go:21.46,25.2 1 1
github.com/karolswdev/docloom/internal/render/renderer.go:29.79,38.88 3 13
github.com/karolswdev/docloom/internal/render/renderer.go:38.88,41.23 2 39
github.com/karolswdev/docloom/internal/render/renderer.go:41.23,43.4 1 0
github.com/karolswdev/docloom/internal/render/renderer.go:45.3,48.53 2 39
github.com/karolswdev/docloom/internal/render/renderer.go:48.53,50.29 1 38
github.com/karolswdev/docloom/internal/render/renderer.go:51.16,52.13 1 35
github.com/karolswdev/docloom/internal/render/renderer.go:53.16,54.21 1 0
github.com/karolswdev/docloom/internal/render/renderer.go:55.12,58.19 2 3
github.com/karolswdev/docloom/internal/render/renderer.go:58.19,61.6 2 0
github.com/karolswdev/docloom/internal/render/renderer.go:63.5,64.67 2 3
github.com/karolswdev/docloom/internal/render/renderer.go:64.67,66.6 1 0
github.com/karolswdev/docloom/internal/render/renderer.go:67.5,67.15 1 3
github.com/karolswdev/docloom/internal/render/renderer.go:71.3,72.15 2 1
github.com/karolswdev/docloom/internal/render/renderer.go:75.2,75.22 1 13
github.com/karolswdev/docloom/internal/render/renderer.go:79.104,82.16 2 1
github.com/karolswdev/docloom/internal/render/renderer.go:82.16,84.3 1 0
github.com/karolswdev/docloom/internal/render/renderer.go:87.2,88.63 2 1
github.com/karolswdev/docloom/internal/render/renderer.go:88.63,90.3 1 0
github.com/karolswdev/docloom/internal/render/renderer.go:93.2,93.87 1 1
github.com/karolswdev/docloom/internal/render/renderer.go:93.87,95.3 1 0
github.com/karolswdev/docloom/internal/render/renderer.go:98.2,102.16 3 1
github.com/karolswdev/docloom/internal/render/renderer.go:102.16,104.3 1 0
github.com/karolswdev/docloom/internal/render/renderer.go:107.2,107.63 1 1
github.com/karolswdev/docloom/internal/render/renderer.go:107.63,109.3 1 0
github.com/karolswdev/docloom/internal/render/renderer.go:111.2,116.12 2 1
github.com/karolswdev/docloom/internal/render/renderer.go:120.101,123.16 2 0
github.com/karolswdev/docloom/internal/render/renderer.go:123.16,125.3 1 0
github.com/karolswdev/docloom/internal/render/renderer.go:128.2,129.16 2 0
github.com/karolswdev/docloom/internal/render/renderer.go:129.16,131.3 1 0
github.com/karolswdev/docloom/internal/render/renderer.go:134.2,135.61 2 0
github.com/karolswdev/docloom/internal/render/renderer.go:135.61,137.3 1 0
github.com/karolswdev/docloom/internal/render/renderer.go:140.2,140.60 1 0
github.com/karolswdev/docloom/internal/render/renderer.go:144.107,147.16 2 1
github.com/karolswdev/docloom/internal/render/renderer.go:147.16,149.3 1 0
github.com/karolswdev/docloom/internal/render/renderer.go:152.2,152.66 1 1
github.com/karolswdev/docloom/internal/render/renderer.go:152.66,154.3 1 0
github.com/karolswdev/docloom/internal/render/renderer.go:157.2,159.47 3 1
github.com/karolswdev/docloom/internal/render/renderer.go:159.47,161.3 1 0
github.com/karolswdev/docloom/internal/render/renderer.go:163.2,163.12 1 1
github.com/karolswdev/docloom/internal/render/renderer.go:167.81,170.28 2 22
github.com/karolswdev/docloom/internal/render/renderer.go:170.28,172.19 2 47
github.com/karolswdev/docloom/internal/render/renderer.go:172.19,174.4 1 21
github.com/karolswdev/docloom/internal/render/renderer.go:176.3,176.28 1 47
github.com/karolswdev/docloom/internal/render/renderer.go:177.31,179.47 1 9
github.com/karolswdev/docloom/internal/render/renderer.go:179.47,181.5 1 23
github.com/karolswdev/docloom/internal/render/renderer.go:182.11,184.27 1 38
github.com/karolswdev/docloom/internal/render/renderer.go:188.2,188.15 1 22
github.com/karolswdev/docloom/internal/version/version.go:27.20,39.2 1 1
github.com/karolswdev/docloom/internal/version/version.go:42.21,44.2 1 1
github.com/karolswdev/docloom/internal/chunk/chunker.go:20.41,25.2 1 8
github.com/karolswdev/docloom/internal/chunk/chunker.go:29.57,30.19 1 6
github.com/karolswdev/docloom/internal/chunk/chunker.go:30.19,32.3 1 1
github.com/karolswdev/docloom/internal/chunk/chunker.go:35.2,44.36 3 5
github.com/karolswdev/docloom/internal/chunk/chunker.go:44.36,47.3 2 2
github.com/karolswdev/docloom/internal/chunk/chunker.go:50.2,62.18 4 3
github.com/karolswdev/docloom/internal/chunk/chunker.go:66.51,67.16 1 22
github.com/karolswdev/docloom/internal/chunk/chunker.go:67.16,69.3 1 1
github.com/karolswdev/docloom/internal/chunk/chunker.go:74.2,77.25 3 21
github.com/karolswdev/docloom/internal/chunk/chunker.go:77.25,78.25 1 10056
github.com/karolswdev/docloom/internal/chunk/chunker.go:78.25,79.14 1 1615
github.com/karolswdev/docloom/internal/chunk/chunker.go:79.14,82.5 2 1608
github.com/karolswdev/docloom/internal/chunk/chunker.go:83.9,85.4 1 8441
github.com/karolswdev/docloom/internal/chunk/chunker.go:88.2,88.12 1 21
github.com/karolswdev/docloom/internal/chunk/chunker.go:88.12,90.3 1 19
github.com/karolswdev/docloom/internal/chunk/chunker.go:93.2,99.17 3 21
github.com/karolswdev/docloom/internal/chunk/chunker.go:103.70,104.30 1 3
github.com/karolswdev/docloom/internal/chunk/chunker.go:104.30,106.3 1 0
github.com/karolswdev/docloom/internal/chunk/chunker.go:109.2,113.32 3 3
github.com/karolswdev/docloom/internal/chunk/chunker.go:113.32,115.3 1 1
github.com/karolswdev/docloom/internal/chunk/chunker.go:118.2,121.35 3 2
github.com/karolswdev/docloom/internal/chunk/chunker.go:121.35,123.25 2 12
github.com/karolswdev/docloom/internal/chunk/chunker.go:123.25,125.4 1 2
github.com/karolswdev/docloom/internal/chunk/chunker.go:128.2,128.31 1 2
github.com/karolswdev/docloom/internal/chunk/chunker.go:128.31,131.3 1 2
github.com/karolswdev/docloom/internal/chunk/chunker.go:134.2,135.19 2 0
github.com/karolswdev/docloom/internal/chunk/chunker.go:135.19,137.3 1 0
github.com/karolswdev/docloom/internal/chunk/chunker.go:140.2,140.68 1 0
github.com/karolswdev/docloom/internal/chunk/chunker.go:145.62,146.19 1 1
github.com/karolswdev/docloom/internal/chunk/chunker.go:146.19,148.3 1 0
github.com/karolswdev/docloom/internal/chunk/chunker.go:151.2,157.34 5 1
github.com/karolswdev/docloom/internal/chunk/chunker.go:157.34,159.17 2 4
github.com/karolswdev/docloom/internal/chunk/chunker.go:159.17,160.12 1 0
github.com/karolswdev/docloom/internal/chunk/chunker.go:163.3,166.67 2 4
github.com/karolswdev/docloom/internal/chunk/chunker.go:166.67,170.4 3 3
github.com/karolswdev/docloom/internal/chunk/chunker.go:170.9,171.26 1 1
github.com/karolswdev/docloom/internal/chunk/chunker.go:171.26,173.5 1 0
github.com/karolswdev/docloom/internal/chunk/chunker.go:174.4,175.31 2 1
github.com/karolswdev/docloom/internal/chunk/chunker.go:180.2,180.24 1 1
github.com/karolswdev/docloom/internal/chunk/chunker.go:180.24,182.3 1 1
github.com/karolswdev/docloom/internal/chunk/chunker.go:184.2,189.15 2 1
github.com/karolswdev/docloom/internal/templates/registry.go:35.30,39.2 1 5
github.com/karolswdev/docloom/internal/templates/registry.go:42.41,50.2 3 4
github.com/karolswdev/docloom/internal/templates/registry.go:53.56,57.81 2 1
github.com/karolswdev/docloom/internal/templates/registry.go:57.81,58.17 1 6
github.com/karolswdev/docloom/internal/templates/registry.go:58.17,60.4 1 0
github.com/karolswdev/docloom/internal/templates/registry.go:63.3,63.19 1 6
github.com/karolswdev/docloom/internal/templates/registry.go:63.19,65.4 1 2
github.com/karolswdev/docloom/internal/templates/registry.go:68.3,68.47 1 4
github.com/karolswdev/docloom/internal/templates/registry.go:68.47,72.4 2 1
github.com/karolswdev/docloom/internal/templates/registry.go:74.3,74.13 1 4
github.com/karolswdev/docloom/internal/templates/registry.go:77.2,77.12 1 1
github.com/karolswdev/docloom/internal/templates/registry.go:81.45,108.2 7 1
github.com/karolswdev/docloom/internal/templates/registry.go:111.47,141.2 3 4
github.com/karolswdev/docloom/internal/templates/registry.go:144.56,146.13 2 6
github.com/karolswdev/docloom/internal/templates/registry.go:146.13,148.3 1 1
github.com/karolswdev/docloom/internal/templates/registry.go:149.2,149.18 1 5
github.com/karolswdev/docloom/internal/templates/registry.go:153.64,154.44 1 0
github.com/karolswdev/docloom/internal/templates/registry.go:154.44,156.3 1 0
github.com/karolswdev/docloom/internal/templates/registry.go:157.2,158.12 2 0
github.com/karolswdev/docloom/internal/templates/registry.go:162.36,164.32 2 1
github.com/karolswdev/docloom/internal/templates/registry.go:164.32,166.3 1 3
github.com/karolswdev/docloom/internal/templates/registry.go:167.2,167.14 1 1
github.com/karolswdev/docloom/internal/templates/registry.go:171.80,173.35 2 0
github.com/karolswdev/docloom/internal/templates/registry.go:173.35,178.3 1 0
github.com/karolswdev/docloom/internal/templates/registry.go:179.2,179.15 1 0
github.com/karolswdev/docloom/internal/config/config.go:26.30,37.2 1 12
github.com/karolswdev/docloom/internal/config/config.go:42.84,47.22 2 11
github.com/karolswdev/docloom/internal/config/config.go:47.22,50.3 1 0
github.com/karolswdev/docloom/internal/config/config.go:53.2,59.39 3 11
github.com/karolswdev/docloom/internal/config/config.go:59.39,61.3 1 0
github.com/karolswdev/docloom/internal/config/config.go:63.2,63.17 1 11
github.com/karolswdev/docloom/internal/config/config.go:67.84,72.21 2 7
github.com/karolswdev/docloom/internal/config/config.go:72.21,74.3 1 6
github.com/karolswdev/docloom/internal/config/config.go:77.2,77.20 1 7
github.com/karolswdev/docloom/internal/config/config.go:77.20,79.3 1 4
github.com/karolswdev/docloom/internal/config/config.go:82.2,82.20 1 7
github.com/karolswdev/docloom/internal/config/config.go:82.20,84.3 1 2
github.com/karolswdev/docloom/internal/config/config.go:86.2,86.15 1 7
github.com/karolswdev/docloom/internal/config/config.go:90.45,96.2 2 0
github.com/karolswdev/docloom/internal/config/config.go:99.31,101.50 1 11
github.com/karolswdev/docloom/internal/config/config.go:101.50,103.3 1 3
github.com/karolswdev/docloom/internal/config/config.go:106.2,106.53 1 11
github.com/karolswdev/docloom/internal/config/config.go:106.53,108.3 1 3
github.com/karolswdev/docloom/internal/config/config.go:111.2,111.52 1 11
github.com/karolswdev/docloom/internal/config/config.go:111.52,113.3 1 0
github.com/karolswdev/docloom/internal/config/config.go:113.8,113.58 1 11
github.com/karolswdev/docloom/internal/config/config.go:113.58,115.3 1 1
github.com/karolswdev/docloom/internal/config/config.go:118.2,118.56 1 11
github.com/karolswdev/docloom/internal/config/config.go:118.56,121.3 1 0
github.com/karolswdev/docloom/internal/config/config.go:124.2,124.57 1 11
github.com/karolswdev/docloom/internal/config/config.go:124.57,126.3 1 0
github.com/karolswdev/docloom/internal/config/config.go:130.61,131.44 1 12
github.com/karolswdev/docloom/internal/config/config.go:131.44,133.3 1 12
github.com/karolswdev/docloom/internal/config/config.go:137.55,138.30 1 0
github.com/karolswdev/docloom/internal/config/config.go:138.30,140.3 1 0
github.com/karolswdev/docloom/internal/config/config.go:144.61,145.34 1 0
github.com/karolswdev/docloom/internal/config/config.go:145.34,147.3 1 0
github.com/karolswdev/docloom/internal/config/config.go:151.57,152.31 1 0
github.com/karolswdev/docloom/internal/config/config.go:152.31,154.3 1 0
github.com/karolswdev/docloom/internal/config/config.go:158.71,159.22 1 11
github.com/karolswdev/docloom/internal/config/config.go:159.22,161.3 1 3
github.com/karolswdev/docloom/internal/config/config.go:164.2,164.36 1 8
github.com/karolswdev/docloom/internal/config/config.go:164.36,165.14 1 12
github.com/karolswdev/docloom/internal/config/config.go:166.16,167.42 1 6
github.com/karolswdev/docloom/internal/config/config.go:168.19,169.44 1 6
github.com/karolswdev/docloom/internal/config/config.go:170.18,171.43 1 0
github.com/karolswdev/docloom/internal/config/config.go:172.22,173.47 1 0
github.com/karolswdev/docloom/internal/config/config.go:174.15,175.38 1 0
github.com/karolswdev/docloom/internal/config/config.go:176.22,177.44 1 0
github.com/karolswdev/docloom/internal/config/config.go:178.23,179.48 1 0
github.com/karolswdev/docloom/internal/config/config.go:180.16,181.40 1 0
github.com/karolswdev/docloom/internal/config/config.go:182.18,183.42 1 0
github.com/karolswdev/docloom/internal/config/config.go:184.18,185.41 1 0
github.com/karolswdev/docloom/internal/config/config.go:191.35,193.22 1 15
github.com/karolswdev/docloom/internal/config/config.go:193.22,195.3 1 1
github.com/karolswdev/docloom/internal/config/config.go:197.2,197.44 1 15
github.com/karolswdev/docloom/internal/config/config.go:197.44,199.3 1 2
github.com/karolswdev/docloom/internal/config/config.go:202.2,202.59 1 15
github.com/karolswdev/docloom/internal/config/config.go:202.59,203.40 1 11
github.com/karolswdev/docloom/internal/config/config.go:203.40,205.4 1 11
github.com/karolswdev/docloom/internal/config/config.go:208.2,208.12 1 15
github.com/karolswdev/docloom/internal/config/config.go:212.34,214.20 2 3
github.com/karolswdev/docloom/internal/config/config.go:214.20,215.24 1 2
github.com/karolswdev/docloom/internal/config/config.go:215.24,217.4 1 1
github.com/karolswdev/docloom/internal/config/config.go:217.9,219.4 1 1
github.com/karolswdev/docloom/internal/config/config.go:222.2,230.10 1 3
github.com/karolswdev/docloom/internal/prompt/builder.go:14.28,16.2 1 7
github.com/karolswdev/docloom/internal/prompt/builder.go:19.122,22.28 2 11
github.com/karolswdev/docloom/internal/prompt/builder.go:23.14,24.17 1 1
github.com/karolswdev/docloom/internal/prompt/builder.go:25.14,26.25 1 1
github.com/karolswdev/docloom/internal/prompt/builder.go:27.10,29.17 2 9
github.com/karolswdev/docloom/internal/prompt/builder.go:29.17,31.4 1 1
github.com/karolswdev/docloom/internal/prompt/builder.go:32.3,32.35 1 8
github.com/karolswdev/docloom/internal/prompt/builder.go:36.2,64.36 23 10
github.com/karolswdev/docloom/internal/prompt/builder.go:68.140,71.28 2 5
github.com/karolswdev/docloom/internal/prompt/builder.go:72.14,73.17 1 1
github.com/karolswdev/docloom/internal/prompt/builder.go:74.14,75.25 1 1
github.com/karolswdev/docloom/internal/prompt/builder.go:76.10,78.17 2 3
github.com/karolswdev/docloom/internal/prompt/builder.go:78.17,80.4 1 0
github.com/karolswdev/docloom/internal/prompt/builder.go:81.3,81.35 1 3
github.com/karolswdev/docloom/internal/prompt/builder.go:84.2,117.36 27 5
github.com/karolswdev/docloom/internal/prompt/builder.go:122.53,126.2 1 4
github.com/karolswdev/docloom/internal/validate/validator.go:17.32,19.2 1 8
github.com/karolswdev/docloom/internal/validate/validator.go:22.70,25.67 2 8
github.com/karolswdev/docloom/internal/validate/validator.go:25.67,27.3 1 1
github.com/karolswdev/docloom/internal/validate/validator.go:30.2,35.74 4 7
github.com/karolswdev/docloom/internal/validate/validator.go:35.74,37.3 1 0
github.com/karolswdev/docloom/internal/validate/validator.go:40.2,41.16 2 7
github.com/karolswdev/docloom/internal/validate/validator.go:41.16,43.3 1 0
github.com/karolswdev/docloom/internal/validate/validator.go:46.2,46.50 1 7
github.com/karolswdev/docloom/internal/validate/validator.go:46.50,48.3 1 4
github.com/karolswdev/docloom/internal/validate/validator.go:50.2,50.12 1 3
github.com/karolswdev/docloom/internal/validate/validator.go:61.42,62.19 1 4
github.com/karolswdev/docloom/internal/validate/validator.go:62.19,64.3 1 0
github.com/karolswdev/docloom/internal/validate/validator.go:65.2,65.56 1 4
github.com/karolswdev/docloom/internal/validate/validator.go:69.42,70.16 1 4
github.com/karolswdev/docloom/internal/validate/validator.go:70.16,72.3 1 0
github.com/karolswdev/docloom/internal/validate/validator.go:76.2,87.55 3 4
github.com/karolswdev/docloom/internal/validate/validator.go:87.55,89.22 2 0
github.com/karolswdev/docloom/internal/validate/validator.go:89.22,92.53 2 0
github.com/karolswdev/docloom/internal/validate/validator.go:92.53,94.54 2 0
github.com/karolswdev/docloom/internal/validate/validator.go:94.54,96.6 1 0
github.com/karolswdev/docloom/internal/validate/validator.go:99.3,99.22 1 0
github.com/karolswdev/docloom/internal/validate/validator.go:99.22,102.4 1 0
github.com/karolswdev/docloom/internal/validate/validator.go:105.2,105.22 1 4
github.com/karolswdev/docloom/internal/validate/validator.go:109.102,116.67 3 1
github.com/karolswdev/docloom/internal/validate/validator.go:116.67,123.3 3 0
github.com/karolswdev/docloom/internal/validate/validator.go:126.2,131.74 4 1
github.com/karolswdev/docloom/internal/validate/validator.go:131.74,133.3 1 0
github.com/karolswdev/docloom/internal/validate/validator.go:136.2,137.16 2 1
github.com/karolswdev/docloom/internal/validate/validator.go:137.16,139.3 1 0
github.com/karolswdev/docloom/internal/validate/validator.go:142.2,142.50 1 1
github.com/karolswdev/docloom/internal/validate/validator.go:142.50,151.49 3 1
github.com/karolswdev/docloom/internal/validate/validator.go:151.49,153.4 1 0
github.com/karolswdev/docloom/internal/validate/validator.go:155.3,155.47 1 1
github.com/karolswdev/docloom/internal/validate/validator.go:158.2,158.20 1 1
github.com/karolswdev/docloom/internal/generate/orchestrator.go:50.56,52.48 2 5
github.com/karolswdev/docloom/internal/generate/orchestrator.go:52.48,55.3 1 0
github.com/karolswdev/docloom/internal/generate/orchestrator.go:57.2,65.3 1 5
github.com/karolswdev/docloom/internal/generate/orchestrator.go:69.146,74.54 4 1
github.com/karolswdev/docloom/internal/generate/orchestrator.go:74.54,77.19 2 2
github.com/karolswdev/docloom/internal/generate/orchestrator.go:77.19,81.4 3 1
github.com/karolswdev/docloom/internal/generate/orchestrator.go:81.9,85.18 3 1
github.com/karolswdev/docloom/internal/generate/orchestrator.go:85.18,87.5 1 0
github.com/karolswdev/docloom/internal/generate/orchestrator.go:88.4,88.32 1 1
github.com/karolswdev/docloom/internal/generate/orchestrator.go:92.3,94.17 3 2
github.com/karolswdev/docloom/internal/generate/orchestrator.go:94.17,96.4 1 0
github.com/karolswdev/docloom/internal/generate/orchestrator.go:97.3,101.23 3 2
github.com/karolswdev/docloom/internal/generate/orchestrator.go:101.23,103.4 1 0
github.com/karolswdev/docloom/internal/generate/orchestrator.go:105.3,106.27 2 2
github.com/karolswdev/docloom/internal/generate/orchestrator.go:106.27,109.4 2 1
github.com/karolswdev/docloom/internal/generate/orchestrator.go:111.3,112.86 2 1
github.com/karolswdev/docloom/internal/generate/orchestrator.go:115.2,115.102 1 0
github.com/karolswdev/docloom/internal/generate/orchestrator.go:119.108,127.34 8 2
github.com/karolswdev/docloom/internal/generate/orchestrator.go:127.34,129.3 1 0
github.com/karolswdev/docloom/internal/generate/orchestrator.go:129.8,131.3 1 2
github.com/karolswdev/docloom/internal/generate/orchestrator.go:132.2,134.22 3 2
github.com/karolswdev/docloom/internal/generate/orchestrator.go:134.22,137.3 2 0
github.com/karolswdev/docloom/internal/generate/orchestrator.go:138.2,139.12 2 2
github.com/karolswdev/docloom/internal/generate/orchestrator.go:143.74,145.48 1 4
github.com/karolswdev/docloom/internal/generate/orchestrator.go:145.48,147.3 1 0
github.com/karolswdev/docloom/internal/generate/orchestrator.go:150.2,150.17 1 4
github.com/karolswdev/docloom/internal/generate/orchestrator.go:150.17,151.53 1 4
github.com/karolswdev/docloom/internal/generate/orchestrator.go:151.53,153.4 1 1
github.com/karolswdev/docloom/internal/generate/orchestrator.go:157.2,158.16 2 3
github.com/karolswdev/docloom/internal/generate/orchestrator.go:158.16,160.3 1 0
github.com/karolswdev/docloom/internal/generate/orchestrator.go:163.2,168.16 6 3
github.com/karolswdev/docloom/internal/generate/orchestrator.go:168.16,170.3 1 0
github.com/karolswdev/docloom/internal/generate/orchestrator.go:171.2,178.16 6 3
github.com/karolswdev/docloom/internal/generate/orchestrator.go:178.16,180.3 1 0
github.com/karolswdev/docloom/internal/generate/orchestrator.go:181.2,183.17 2 3
github.com/karolswdev/docloom/internal/generate/orchestrator.go:183.17,185.3 1 2
github.com/karolswdev/docloom/internal/generate/orchestrator.go:188.2,189.16 2 1
github.com/karolswdev/docloom/internal/generate/orchestrator.go:189.16,191.3 1 0
github.com/karolswdev/docloom/internal/generate/orchestrator.go:194.2,195.76 2 1
github.com/karolswdev/docloom/internal/generate/orchestrator.go:195.76,197.3 1 0
github.com/karolswdev/docloom/internal/generate/orchestrator.go:198.2,206.71 5 1
github.com/karolswdev/docloom/internal/generate/orchestrator.go:206.71,208.3 1 0
github.com/karolswdev/docloom/internal/generate/orchestrator.go:209.2,213.85 3 1
github.com/karolswdev/docloom/internal/generate/orchestrator.go:213.85,215.3 1 0
github.com/karolswdev/docloom/internal/generate/orchestrator.go:217.2,223.12 3 1
github.com/karolswdev/docloom/internal/generate/orchestrator.go:227.60,228.29 1 10
github.com/karolswdev/docloom/internal/generate/orchestrator.go:228.29,230.3 1 1
github.com/karolswdev/docloom/internal/generate/orchestrator.go:231.2,231.28 1 9
github.com/karolswdev/docloom/internal/generate/orchestrator.go:231.28,233.3 1 1
github.com/karolswdev/docloom/internal/generate/orchestrator.go:234.2,234.27 1 8
github.com/karolswdev/docloom/internal/generate/orchestrator.go:234.27,236.3 1 1
github.com/karolswdev/docloom/internal/generate/orchestrator.go:237.2,237.39 1 7
github.com/karolswdev/docloom/internal/generate/orchestrator.go:237.39,239.40 1 1
github.com/karolswdev/docloom/internal/generate/orchestrator.go:239.40,241.4 1 1
github.com/karolswdev/docloom/internal/generate/orchestrator.go:243.2,243.25 1 6
github.com/karolswdev/docloom/internal/generate/orchestrator.go:243.25,245.3 1 0
github.com/karolswdev/docloom/internal/generate/orchestrator.go:246.2,246.12 1 6
github.com/karolswdev/docloom/internal/ingest/ingester.go:23.30,27.2 1 10
github.com/karolswdev/docloom/internal/ingest/ingester.go:31.66,35.29 3 9
github.com/karolswdev/docloom/internal/ingest/ingester.go:35.29,37.17 2 10
github.com/karolswdev/docloom/internal/ingest/ingester.go:37.17,39.4 1 1
github.com/karolswdev/docloom/internal/ingest/ingester.go:41.3,41.19 1 9
github.com/karolswdev/docloom/internal/ingest/ingester.go:41.19,43.91 1 3
github.com/karolswdev/docloom/internal/ingest/ingester.go:43.91,44.19 1 13
github.com/karolswdev/docloom/internal/ingest/ingester.go:44.19,46.6 1 0
github.com/karolswdev/docloom/internal/ingest/ingester.go:48.5,48.25 1 13
github.com/karolswdev/docloom/internal/ingest/ingester.go:48.25,50.6 1 5
github.com/karolswdev/docloom/internal/ingest/ingester.go:52.5,52.36 1 8
github.com/karolswdev/docloom/internal/ingest/ingester.go:52.36,54.20 2 5
github.com/karolswdev/docloom/internal/ingest/ingester.go:54.20,57.7 2 0
github.com/karolswdev/docloom/internal/ingest/ingester.go:59.6,59.34 1 5
github.com/karolswdev/docloom/internal/ingest/ingester.go:59.34,61.7 1 4
github.com/karolswdev/docloom/internal/ingest/ingester.go:62.6,65.87 4 5
github.com/karolswdev/docloom/internal/ingest/ingester.go:68.5,68.15 1 8
github.com/karolswdev/docloom/internal/ingest/ingester.go:71.4,71.18 1 3
github.com/karolswdev/docloom/internal/ingest/ingester.go:71.18,73.5 1 0
github.com/karolswdev/docloom/internal/ingest/ingester.go:74.9,76.31 1 6
github.com/karolswdev/docloom/internal/ingest/ingester.go:76.31,78.19 2 5
github.com/karolswdev/docloom/internal/ingest/ingester.go:78.19,80.6 1 0
github.com/karolswdev/docloom/internal/ingest/ingester.go:82.5,82.33 1 5
github.com/karolswdev/docloom/internal/ingest/ingester.go:82.33,84.6 1 0
github.com/karolswdev/docloom/internal/ingest/ingester.go:85.5,88.82 4 5
github.com/karolswdev/docloom/internal/ingest/ingester.go:89.10,91.5 1 1
github.com/karolswdev/docloom/internal/ingest/ingester.go:95.2,95.25 1 8
github.com/karolswdev/docloom/internal/ingest/ingester.go:95.25,97.3 1 2
github.com/karolswdev/docloom/internal/ingest/ingester.go:99.2,100.37 2 6
github.com/karolswdev/docloom/internal/ingest/ingester.go:104.54,106.53 2 14
github.com/karolswdev/docloom/internal/ingest/ingester.go:106.53,107.26 1 30
github.com/karolswdev/docloom/internal/ingest/ingester.go:107.26,109.4 1 10
github.com/karolswdev/docloom/internal/ingest/ingester.go:111.2,111.14 1 4
github.com/karolswdev/docloom/internal/ingest/ingester.go:115.58,117.51 1 10
github.com/karolswdev/docloom/internal/ingest/ingester.go:117.51,119.3 1 1
github.com/karolswdev/docloom/internal/ingest/ingester.go:122.2,123.16 2 9
github.com/karolswdev/docloom/internal/ingest/ingester.go:123.16,125.3 1 0
github.com/karolswdev/docloom/internal/ingest/ingester.go:126.2,129.16 3 9
github.com/karolswdev/docloom/internal/ingest/ingester.go:129.16,131.3 1 0
github.com/karolswdev/docloom/internal/ingest/ingester.go:133.2,133.29 1 9
github.com/karolswdev/docloom/internal/ingest/ingester.go:137.64,139.54 1 1
github.com/karolswdev/docloom/internal/ingest/ingester.go:139.54,144.3 2 0
github.com/karolswdev/docloom/internal/ingest/ingester.go:147.2,153.34 5 1
github.com/karolswdev/docloom/internal/ingest/ingester.go:153.34,160.3 2 0
github.com/karolswdev/docloom/internal/ingest/ingester.go:162.2,163.16 2 1
github.com/karolswdev/docloom/internal/ingest/ingester.go:163.16,165.3 1 0
github.com/karolswdev/docloom/internal/ingest/ingester.go:167.2,167.18 1 1
github.com/karolswdev/docloom/internal/ingest/ingester.go:171.54,172.34 1 5
github.com/karolswdev/docloom/internal/ingest/ingester.go:172.34,174.3 1 2
github.com/karolswdev/docloom/internal/ingest/ingester.go:175.2,178.49 2 5
github.com/karolswdev/docloom/internal/ingest/ingester.go:178.49,179.22 1 9
github.com/karolswdev/docloom/internal/ingest/ingester.go:179.22,181.4 1 3
github.com/karolswdev/docloom/internal/ingest/ingester.go:184.2,184.60 1 2
github.com/karolswdev/docloom/internal/cli/agents.go:34.54,37.45 2 2
github.com/karolswdev/docloom/internal/cli/agents.go:37.45,39.4 1 0
github.com/karolswdev/docloom/internal/cli/agents.go:42.3,43.23 2 2
github.com/karolswdev/docloom/internal/cli/agents.go:43.23,46.4 2 1
github.com/karolswdev/docloom/internal/cli/agents.go:49.3,53.32 4 1
github.com/karolswdev/docloom/internal/cli/agents.go:53.32,55.25 2 2
github.com/karolswdev/docloom/internal/cli/agents.go:55.25,57.5 1 0
github.com/karolswdev/docloom/internal/cli/agents.go:58.4,58.64 1 2
github.com/karolswdev/docloom/internal/cli/agents.go:61.3,61.19 1 1
github.com/karolswdev/docloom/internal/cli/agents.go:72.54,77.45 3 2
github.com/karolswdev/docloom/internal/cli/agents.go:77.45,79.4 1 0
github.com/karolswdev/docloom/internal/cli/agents.go:82.3,83.14 2 2
github.com/karolswdev/docloom/internal/cli/agents.go:83.14,85.4 1 1
github.com/karolswdev/docloom/internal/cli/agents.go:88.3,93.42 5 1
github.com/karolswdev/docloom/internal/cli/agents.go:93.42,95.4 1 1
github.com/karolswdev/docloom/internal/cli/agents.go:97.3,99.41 3 1
github.com/karolswdev/docloom/internal/cli/agents.go:99.41,101.50 2 1
github.com/karolswdev/docloom/internal/cli/agents.go:101.50,103.5 1 2
github.com/karolswdev/docloom/internal/cli/agents.go:106.3,106.40 1 1
github.com/karolswdev/docloom/internal/cli/agents.go:106.40,108.51 2 1
github.com/karolswdev/docloom/internal/cli/agents.go:108.51,111.32 3 3
github.com/karolswdev/docloom/internal/cli/agents.go:111.32,113.6 1 3
github.com/karolswdev/docloom/internal/cli/agents.go:114.5,115.29 2 3
github.com/karolswdev/docloom/internal/cli/agents.go:115.29,117.6 1 2
github.com/karolswdev/docloom/internal/cli/agents.go:118.5,118.22 1 3
github.com/karolswdev/docloom/internal/cli/agents.go:120.9,122.4 1 0
github.com/karolswdev/docloom/internal/cli/agents.go:124.3,124.13 1 1
github.com/karolswdev/docloom/internal/cli/agents.go:128.13,132.2 3 1
github.com/karolswdev/docloom/internal/cli/generate.go:44.54,49.22 3 2
github.com/karolswdev/docloom/internal/cli/generate.go:49.22,52.38 2 0
github.com/karolswdev/docloom/internal/cli/generate.go:52.38,54.24 2 0
github.com/karolswdev/docloom/internal/cli/generate.go:54.24,56.6 1 0
github.com/karolswdev/docloom/internal/cli/generate.go:57.5,57.32 1 0
github.com/karolswdev/docloom/internal/cli/generate.go:61.4,62.46 2 0
github.com/karolswdev/docloom/internal/cli/generate.go:62.46,64.5 1 0
github.com/karolswdev/docloom/internal/cli/generate.go:67.4,68.18 2 0
github.com/karolswdev/docloom/internal/cli/generate.go:68.18,70.5 1 0
github.com/karolswdev/docloom/internal/cli/generate.go:73.4,77.24 3 0
github.com/karolswdev/docloom/internal/cli/generate.go:77.24,79.5 1 0
github.com/karolswdev/docloom/internal/cli/generate.go:82.4,88.18 3 0
github.com/karolswdev/docloom/internal/cli/generate.go:88.18,90.5 1 0
github.com/karolswdev/docloom/internal/cli/generate.go:93.4,93.69 1 0
github.com/karolswdev/docloom/internal/cli/generate.go:93.69,95.5 1 0
github.com/karolswdev/docloom/internal/cli/generate.go:98.4,99.80 2 0
github.com/karolswdev/docloom/internal/cli/generate.go:103.3,103.19 1 2
github.com/karolswdev/docloom/internal/cli/generate.go:103.19,105.20 2 1
github.com/karolswdev/docloom/internal/cli/generate.go:105.20,107.5 1 1
github.com/karolswdev/docloom/internal/cli/generate.go:111.3,112.14 2 2
github.com/karolswdev/docloom/internal/cli/generate.go:112.14,123.16 2 0
github.com/karolswdev/docloom/internal/cli/generate.go:123.16,125.5 1 0
github.com/karolswdev/docloom/internal/cli/generate.go:128.4,130.18 3 0
github.com/karolswdev/docloom/internal/cli/generate.go:130.18,132.5 1 0
github.com/karolswdev/docloom/internal/cli/generate.go:136.3,153.15 3 2
github.com/karolswdev/docloom/internal/cli/generate.go:153.15,155.4 1 0
github.com/karolswdev/docloom/internal/cli/generate.go:158.3,159.58 2 2
github.com/karolswdev/docloom/internal/cli/generate.go:159.58,161.4 1 2
github.com/karolswdev/docloom/internal/cli/generate.go:163.3,163.14 1 0
github.com/karolswdev/docloom/internal/cli/generate.go:163.14,165.4 1 0
github.com/karolswdev/docloom/internal/cli/generate.go:167.3,167.13 1 0
github.com/karolswdev/docloom/internal/cli/generate.go:171.13,197.61 16 1
github.com/karolswdev/docloom/internal/cli/generate.go:197.61,198.70 1 0
github.com/karolswdev/docloom/internal/cli/generate.go:200.2,200.60 1 1
github.com/karolswdev/docloom/internal/cli/generate.go:200.60,201.69 1 0
github.com/karolswdev/docloom/internal/cli/root.go:24.60,28.14 2 4
github.com/karolswdev/docloom/internal/cli/root.go:28.14,30.4 1 0
github.com/karolswdev/docloom/internal/cli/root.go:30.9,32.4 1 4
github.com/karolswdev/docloom/internal/cli/root.go:35.3,40.22 2 4
github.com/karolswdev/docloom/internal/cli/root.go:45.22,47.2 1 0
github.com/karolswdev/docloom/internal/cli/root.go:49.13,52.2 1 1
github.com/karolswdev/docloom/internal/cli/root.go:55.34,57.2 1 4
github.com/karolswdev/docloom/internal/cli/root.go:60.33,62.2 1 0
github.com/karolswdev/docloom/internal/cli/templates.go:21.54,43.34 4 0
github.com/karolswdev/docloom/internal/cli/templates.go:43.34,45.4 1 0
github.com/karolswdev/docloom/internal/cli/templates.go:47.3,47.13 1 0
github.com/karolswdev/docloom/internal/cli/templates.go:51.13,54.2 2 1
github.com/karolswdev/docloom/internal/cli/version.go:16.47,18.3 1 0
github.com/karolswdev/docloom/internal/cli/version.go:23.13,28.2 2 1
github.com/karolswdev/docloom/internal/ai/client.go:40.60,41.25 1 11
github.com/karolswdev/docloom/internal/ai/client.go:41.25,43.3 1 1
github.com/karolswdev/docloom/internal/ai/client.go:44.2,44.24 1 10
github.com/karolswdev/docloom/internal/ai/client.go:44.24,46.3 1 1
github.com/karolswdev/docloom/internal/ai/client.go:47.2,47.26 1 9
github.com/karolswdev/docloom/internal/ai/client.go:47.26,49.3 1 1
github.com/karolswdev/docloom/internal/ai/client.go:50.2,50.28 1 9
github.com/karolswdev/docloom/internal/ai/client.go:50.28,52.3 1 7
github.com/karolswdev/docloom/internal/ai/client.go:53.2,53.28 1 9
github.com/karolswdev/docloom/internal/ai/client.go:53.28,55.3 1 7
github.com/karolswdev/docloom/internal/ai/client.go:56.2,56.27 1 9
github.com/karolswdev/docloom/internal/ai/client.go:56.27,58.3 1 9
github.com/karolswdev/docloom/internal/ai/client.go:60.2,66.8 3 9
github.com/karolswdev/docloom/internal/ai/client.go:70.89,74.62 3 8
github.com/karolswdev/docloom/internal/ai/client.go:74.62,75.18 1 11
github.com/karolswdev/docloom/internal/ai/client.go:75.18,81.11 2 3
github.com/karolswdev/docloom/internal/ai/client.go:82.29,82.29 0 2
github.com/karolswdev/docloom/internal/ai/client.go:84.22,85.25 1 1
github.com/karolswdev/docloom/internal/ai/client.go:89.4,89.14 1 2
github.com/karolswdev/docloom/internal/ai/client.go:92.3,93.17 2 10
github.com/karolswdev/docloom/internal/ai/client.go:93.17,95.4 1 6
github.com/karolswdev/docloom/internal/ai/client.go:97.3,100.29 2 4
github.com/karolswdev/docloom/internal/ai/client.go:100.29,102.4 1 1
github.com/karolswdev/docloom/internal/ai/client.go:104.3,108.40 1 3
github.com/karolswdev/docloom/internal/ai/client.go:111.2,111.86 1 0
github.com/karolswdev/docloom/internal/ai/client.go:114.88,136.26 3 10
github.com/karolswdev/docloom/internal/ai/client.go:136.26,138.3 1 0
github.com/karolswdev/docloom/internal/ai/client.go:140.2,141.16 2 10
github.com/karolswdev/docloom/internal/ai/client.go:141.16,143.3 1 3
github.com/karolswdev/docloom/internal/ai/client.go:145.2,145.28 1 7
github.com/karolswdev/docloom/internal/ai/client.go:145.28,147.3 1 0
github.com/karolswdev/docloom/internal/ai/client.go:149.2,153.68 3 7
github.com/karolswdev/docloom/internal/ai/client.go:153.68,155.3 1 1
github.com/karolswdev/docloom/internal/ai/client.go:157.2,157.21 1 6
github.com/karolswdev/docloom/internal/ai/client.go:161.39,162.16 1 4
github.com/karolswdev/docloom/internal/ai/client.go:162.16,164.3 1 0
github.com/karolswdev/docloom/internal/ai/client.go:167.2,168.29 2 4
github.com/karolswdev/docloom/internal/ai/client.go:168.29,170.32 1 3
github.com/karolswdev/docloom/internal/ai/client.go:175.8,176.15 1 3
github.com/karolswdev/docloom/internal/ai/client.go:181.2,181.38 1 1
github.com/karolswdev/docloom/internal/ai/client.go:181.38,183.3 1 0
github.com/karolswdev/docloom/internal/ai/client.go:186.2,186.46 1 1
github.com/karolswdev/docloom/internal/ai/client.go:186.46,188.3 1 0
github.com/karolswdev/docloom/internal/ai/client.go:190.2,190.14 1 1
