mode: set
github.com/karolswdev/docloom/cmd/docloom/main.go:11.13,13.34 1 0
github.com/karolswdev/docloom/cmd/docloom/main.go:13.34,14.46 1 0
github.com/karolswdev/docloom/cmd/docloom/main.go:14.46,17.4 2 0
github.com/karolswdev/docloom/cmd/docloom/main.go:20.2,20.38 1 0
github.com/karolswdev/docloom/cmd/docloom/main.go:20.38,22.3 1 0
github.com/karolswdev/docloom/internal/chunk/chunker.go:20.41,25.2 1 1
github.com/karolswdev/docloom/internal/chunk/chunker.go:29.57,30.19 1 1
github.com/karolswdev/docloom/internal/chunk/chunker.go:30.19,32.3 1 1
github.com/karolswdev/docloom/internal/chunk/chunker.go:35.2,44.36 3 1
github.com/karolswdev/docloom/internal/chunk/chunker.go:44.36,47.3 2 1
github.com/karolswdev/docloom/internal/chunk/chunker.go:50.2,62.18 4 1
github.com/karolswdev/docloom/internal/chunk/chunker.go:66.51,67.16 1 1
github.com/karolswdev/docloom/internal/chunk/chunker.go:67.16,69.3 1 1
github.com/karolswdev/docloom/internal/chunk/chunker.go:74.2,77.25 3 1
github.com/karolswdev/docloom/internal/chunk/chunker.go:77.25,78.25 1 1
github.com/karolswdev/docloom/internal/chunk/chunker.go:78.25,79.14 1 1
github.com/karolswdev/docloom/internal/chunk/chunker.go:79.14,82.5 2 1
github.com/karolswdev/docloom/internal/chunk/chunker.go:83.9,85.4 1 1
github.com/karolswdev/docloom/internal/chunk/chunker.go:88.2,88.12 1 1
github.com/karolswdev/docloom/internal/chunk/chunker.go:88.12,90.3 1 1
github.com/karolswdev/docloom/internal/chunk/chunker.go:93.2,99.17 3 1
github.com/karolswdev/docloom/internal/chunk/chunker.go:103.70,104.30 1 1
github.com/karolswdev/docloom/internal/chunk/chunker.go:104.30,106.3 1 0
github.com/karolswdev/docloom/internal/chunk/chunker.go:109.2,113.32 3 1
github.com/karolswdev/docloom/internal/chunk/chunker.go:113.32,115.3 1 1
github.com/karolswdev/docloom/internal/chunk/chunker.go:118.2,121.35 3 1
github.com/karolswdev/docloom/internal/chunk/chunker.go:121.35,123.25 2 1
github.com/karolswdev/docloom/internal/chunk/chunker.go:123.25,125.4 1 1
github.com/karolswdev/docloom/internal/chunk/chunker.go:128.2,128.31 1 1
github.com/karolswdev/docloom/internal/chunk/chunker.go:128.31,131.3 1 1
github.com/karolswdev/docloom/internal/chunk/chunker.go:134.2,135.19 2 0
github.com/karolswdev/docloom/internal/chunk/chunker.go:135.19,137.3 1 0
github.com/karolswdev/docloom/internal/chunk/chunker.go:140.2,140.68 1 0
github.com/karolswdev/docloom/internal/chunk/chunker.go:145.62,146.19 1 1
github.com/karolswdev/docloom/internal/chunk/chunker.go:146.19,148.3 1 0
github.com/karolswdev/docloom/internal/chunk/chunker.go:151.2,157.34 5 1
github.com/karolswdev/docloom/internal/chunk/chunker.go:157.34,159.17 2 1
github.com/karolswdev/docloom/internal/chunk/chunker.go:159.17,160.12 1 0
github.com/karolswdev/docloom/internal/chunk/chunker.go:163.3,166.67 2 1
github.com/karolswdev/docloom/internal/chunk/chunker.go:166.67,170.4 3 1
github.com/karolswdev/docloom/internal/chunk/chunker.go:170.9,171.26 1 1
github.com/karolswdev/docloom/internal/chunk/chunker.go:171.26,173.5 1 0
github.com/karolswdev/docloom/internal/chunk/chunker.go:174.4,175.31 2 1
github.com/karolswdev/docloom/internal/chunk/chunker.go:180.2,180.24 1 1
github.com/karolswdev/docloom/internal/chunk/chunker.go:180.24,182.3 1 1
github.com/karolswdev/docloom/internal/chunk/chunker.go:184.2,189.15 2 1
github.com/karolswdev/docloom/internal/version/version.go:27.20,39.2 1 1
github.com/karolswdev/docloom/internal/version/version.go:42.21,44.2 1 1
github.com/karolswdev/docloom/internal/config/config.go:26.30,37.2 1 1
github.com/karolswdev/docloom/internal/config/config.go:42.84,47.22 2 1
github.com/karolswdev/docloom/internal/config/config.go:47.22,48.55 1 0
github.com/karolswdev/docloom/internal/config/config.go:48.55,50.4 1 0
github.com/karolswdev/docloom/internal/config/config.go:54.2,60.39 3 1
github.com/karolswdev/docloom/internal/config/config.go:60.39,62.3 1 0
github.com/karolswdev/docloom/internal/config/config.go:64.2,64.17 1 1
github.com/karolswdev/docloom/internal/config/config.go:68.84,73.21 2 1
github.com/karolswdev/docloom/internal/config/config.go:73.21,75.3 1 1
github.com/karolswdev/docloom/internal/config/config.go:78.2,78.20 1 1
github.com/karolswdev/docloom/internal/config/config.go:78.20,80.3 1 1
github.com/karolswdev/docloom/internal/config/config.go:83.2,83.20 1 1
github.com/karolswdev/docloom/internal/config/config.go:83.20,85.3 1 1
github.com/karolswdev/docloom/internal/config/config.go:87.2,87.15 1 1
github.com/karolswdev/docloom/internal/config/config.go:91.51,98.2 3 0
github.com/karolswdev/docloom/internal/config/config.go:101.31,103.50 1 1
github.com/karolswdev/docloom/internal/config/config.go:103.50,105.3 1 1
github.com/karolswdev/docloom/internal/config/config.go:108.2,108.53 1 1
github.com/karolswdev/docloom/internal/config/config.go:108.53,110.3 1 1
github.com/karolswdev/docloom/internal/config/config.go:113.2,113.52 1 1
github.com/karolswdev/docloom/internal/config/config.go:113.52,115.3 1 0
github.com/karolswdev/docloom/internal/config/config.go:115.8,115.58 1 1
github.com/karolswdev/docloom/internal/config/config.go:115.58,117.3 1 1
github.com/karolswdev/docloom/internal/config/config.go:120.2,120.56 1 1
github.com/karolswdev/docloom/internal/config/config.go:120.56,123.3 1 0
github.com/karolswdev/docloom/internal/config/config.go:126.2,126.57 1 1
github.com/karolswdev/docloom/internal/config/config.go:126.57,128.3 1 0
github.com/karolswdev/docloom/internal/config/config.go:132.71,133.22 1 1
github.com/karolswdev/docloom/internal/config/config.go:133.22,135.3 1 1
github.com/karolswdev/docloom/internal/config/config.go:138.2,138.36 1 1
github.com/karolswdev/docloom/internal/config/config.go:138.36,139.14 1 1
github.com/karolswdev/docloom/internal/config/config.go:140.16,141.46 1 1
github.com/karolswdev/docloom/internal/config/config.go:141.46,143.5 1 1
github.com/karolswdev/docloom/internal/config/config.go:144.19,145.46 1 1
github.com/karolswdev/docloom/internal/config/config.go:145.46,147.5 1 1
github.com/karolswdev/docloom/internal/config/config.go:148.18,149.46 1 0
github.com/karolswdev/docloom/internal/config/config.go:149.46,151.5 1 0
github.com/karolswdev/docloom/internal/config/config.go:152.22,153.36 1 0
github.com/karolswdev/docloom/internal/config/config.go:153.36,155.5 1 0
github.com/karolswdev/docloom/internal/config/config.go:156.15,157.32 1 0
github.com/karolswdev/docloom/internal/config/config.go:157.32,159.5 1 0
github.com/karolswdev/docloom/internal/config/config.go:160.22,161.32 1 0
github.com/karolswdev/docloom/internal/config/config.go:161.32,163.5 1 0
github.com/karolswdev/docloom/internal/config/config.go:164.23,165.46 1 0
github.com/karolswdev/docloom/internal/config/config.go:165.46,167.5 1 0
github.com/karolswdev/docloom/internal/config/config.go:168.16,169.33 1 0
github.com/karolswdev/docloom/internal/config/config.go:169.33,171.5 1 0
github.com/karolswdev/docloom/internal/config/config.go:172.18,173.33 1 0
github.com/karolswdev/docloom/internal/config/config.go:173.33,175.5 1 0
github.com/karolswdev/docloom/internal/config/config.go:176.18,177.33 1 0
github.com/karolswdev/docloom/internal/config/config.go:177.33,179.5 1 0
github.com/karolswdev/docloom/internal/config/config.go:185.35,187.22 1 1
github.com/karolswdev/docloom/internal/config/config.go:187.22,189.3 1 0
github.com/karolswdev/docloom/internal/config/config.go:191.2,191.44 1 1
github.com/karolswdev/docloom/internal/config/config.go:191.44,193.3 1 0
github.com/karolswdev/docloom/internal/config/config.go:196.2,196.59 1 1
github.com/karolswdev/docloom/internal/config/config.go:196.59,197.40 1 1
github.com/karolswdev/docloom/internal/config/config.go:197.40,199.4 1 1
github.com/karolswdev/docloom/internal/config/config.go:202.2,202.12 1 1
github.com/karolswdev/docloom/internal/config/config.go:206.34,208.20 2 0
github.com/karolswdev/docloom/internal/config/config.go:208.20,209.24 1 0
github.com/karolswdev/docloom/internal/config/config.go:209.24,211.4 1 0
github.com/karolswdev/docloom/internal/config/config.go:211.9,213.4 1 0
github.com/karolswdev/docloom/internal/config/config.go:216.2,224.10 1 0
github.com/karolswdev/docloom/internal/prompt/builder.go:14.28,16.2 1 1
github.com/karolswdev/docloom/internal/prompt/builder.go:19.122,22.28 2 1
github.com/karolswdev/docloom/internal/prompt/builder.go:23.14,24.17 1 1
github.com/karolswdev/docloom/internal/prompt/builder.go:25.14,26.25 1 1
github.com/karolswdev/docloom/internal/prompt/builder.go:27.10,29.17 2 1
github.com/karolswdev/docloom/internal/prompt/builder.go:29.17,31.4 1 1
github.com/karolswdev/docloom/internal/prompt/builder.go:32.3,32.35 1 1
github.com/karolswdev/docloom/internal/prompt/builder.go:36.2,64.36 23 1
github.com/karolswdev/docloom/internal/prompt/builder.go:68.140,71.28 2 1
github.com/karolswdev/docloom/internal/prompt/builder.go:72.14,73.17 1 1
github.com/karolswdev/docloom/internal/prompt/builder.go:74.14,75.25 1 1
github.com/karolswdev/docloom/internal/prompt/builder.go:76.10,78.17 2 1
github.com/karolswdev/docloom/internal/prompt/builder.go:78.17,80.4 1 0
github.com/karolswdev/docloom/internal/prompt/builder.go:81.3,81.35 1 1
github.com/karolswdev/docloom/internal/prompt/builder.go:84.2,117.36 27 1
github.com/karolswdev/docloom/internal/prompt/builder.go:122.53,126.2 1 1
github.com/karolswdev/docloom/internal/render/renderer.go:21.46,25.2 1 1
github.com/karolswdev/docloom/internal/render/renderer.go:29.85,38.88 3 1
github.com/karolswdev/docloom/internal/render/renderer.go:38.88,41.23 2 1
github.com/karolswdev/docloom/internal/render/renderer.go:41.23,43.4 1 0
github.com/karolswdev/docloom/internal/render/renderer.go:45.3,48.53 2 1
github.com/karolswdev/docloom/internal/render/renderer.go:48.53,50.29 1 1
github.com/karolswdev/docloom/internal/render/renderer.go:51.16,52.13 1 1
github.com/karolswdev/docloom/internal/render/renderer.go:53.16,54.21 1 0
github.com/karolswdev/docloom/internal/render/renderer.go:55.12,58.19 2 1
github.com/karolswdev/docloom/internal/render/renderer.go:58.19,61.6 2 0
github.com/karolswdev/docloom/internal/render/renderer.go:63.5,64.67 2 1
github.com/karolswdev/docloom/internal/render/renderer.go:64.67,66.6 1 0
github.com/karolswdev/docloom/internal/render/renderer.go:67.5,67.15 1 1
github.com/karolswdev/docloom/internal/render/renderer.go:71.3,72.15 2 1
github.com/karolswdev/docloom/internal/render/renderer.go:75.2,75.22 1 1
github.com/karolswdev/docloom/internal/render/renderer.go:79.104,82.16 2 1
github.com/karolswdev/docloom/internal/render/renderer.go:82.16,84.3 1 0
github.com/karolswdev/docloom/internal/render/renderer.go:87.2,88.63 2 1
github.com/karolswdev/docloom/internal/render/renderer.go:88.63,90.3 1 0
github.com/karolswdev/docloom/internal/render/renderer.go:93.2,93.77 1 1
github.com/karolswdev/docloom/internal/render/renderer.go:93.77,95.3 1 0
github.com/karolswdev/docloom/internal/render/renderer.go:98.2,102.16 3 1
github.com/karolswdev/docloom/internal/render/renderer.go:102.16,104.3 1 0
github.com/karolswdev/docloom/internal/render/renderer.go:107.2,107.63 1 1
github.com/karolswdev/docloom/internal/render/renderer.go:107.63,109.3 1 0
github.com/karolswdev/docloom/internal/render/renderer.go:111.2,116.12 2 1
github.com/karolswdev/docloom/internal/render/renderer.go:120.101,123.16 2 0
github.com/karolswdev/docloom/internal/render/renderer.go:123.16,125.3 1 0
github.com/karolswdev/docloom/internal/render/renderer.go:128.2,129.16 2 0
github.com/karolswdev/docloom/internal/render/renderer.go:129.16,131.3 1 0
github.com/karolswdev/docloom/internal/render/renderer.go:134.2,135.61 2 0
github.com/karolswdev/docloom/internal/render/renderer.go:135.61,137.3 1 0
github.com/karolswdev/docloom/internal/render/renderer.go:140.2,140.60 1 0
github.com/karolswdev/docloom/internal/render/renderer.go:144.113,147.16 2 1
github.com/karolswdev/docloom/internal/render/renderer.go:147.16,149.3 1 0
github.com/karolswdev/docloom/internal/render/renderer.go:152.2,152.66 1 1
github.com/karolswdev/docloom/internal/render/renderer.go:152.66,154.3 1 0
github.com/karolswdev/docloom/internal/render/renderer.go:157.2,159.47 3 1
github.com/karolswdev/docloom/internal/render/renderer.go:159.47,161.3 1 0
github.com/karolswdev/docloom/internal/render/renderer.go:163.2,163.12 1 1
github.com/karolswdev/docloom/internal/render/renderer.go:167.81,170.28 2 1
github.com/karolswdev/docloom/internal/render/renderer.go:170.28,172.19 2 1
github.com/karolswdev/docloom/internal/render/renderer.go:172.19,174.4 1 1
github.com/karolswdev/docloom/internal/render/renderer.go:176.3,176.28 1 1
github.com/karolswdev/docloom/internal/render/renderer.go:177.31,179.47 1 1
github.com/karolswdev/docloom/internal/render/renderer.go:179.47,181.5 1 1
github.com/karolswdev/docloom/internal/render/renderer.go:182.11,184.27 1 1
github.com/karolswdev/docloom/internal/render/renderer.go:188.2,188.15 1 1
github.com/karolswdev/docloom/internal/templates/registry.go:35.30,39.2 1 1
github.com/karolswdev/docloom/internal/templates/registry.go:42.41,50.2 3 1
github.com/karolswdev/docloom/internal/templates/registry.go:53.56,57.81 2 1
github.com/karolswdev/docloom/internal/templates/registry.go:57.81,58.17 1 1
github.com/karolswdev/docloom/internal/templates/registry.go:58.17,60.4 1 0
github.com/karolswdev/docloom/internal/templates/registry.go:63.3,63.19 1 1
github.com/karolswdev/docloom/internal/templates/registry.go:63.19,65.4 1 1
github.com/karolswdev/docloom/internal/templates/registry.go:68.3,68.47 1 1
github.com/karolswdev/docloom/internal/templates/registry.go:68.47,70.54 2 1
github.com/karolswdev/docloom/internal/templates/registry.go:70.54,72.5 1 0
github.com/karolswdev/docloom/internal/templates/registry.go:75.3,75.13 1 1
github.com/karolswdev/docloom/internal/templates/registry.go:78.2,78.12 1 1
github.com/karolswdev/docloom/internal/templates/registry.go:82.51,109.2 8 1
github.com/karolswdev/docloom/internal/templates/registry.go:112.47,142.2 3 1
github.com/karolswdev/docloom/internal/templates/registry.go:145.56,147.13 2 1
github.com/karolswdev/docloom/internal/templates/registry.go:147.13,149.3 1 1
github.com/karolswdev/docloom/internal/templates/registry.go:150.2,150.18 1 1
github.com/karolswdev/docloom/internal/templates/registry.go:154.64,155.44 1 0
github.com/karolswdev/docloom/internal/templates/registry.go:155.44,157.3 1 0
github.com/karolswdev/docloom/internal/templates/registry.go:158.2,159.12 2 0
github.com/karolswdev/docloom/internal/templates/registry.go:163.36,165.32 2 1
github.com/karolswdev/docloom/internal/templates/registry.go:165.32,167.3 1 1
github.com/karolswdev/docloom/internal/templates/registry.go:168.2,168.14 1 1
github.com/karolswdev/docloom/internal/templates/registry.go:172.80,174.35 2 0
github.com/karolswdev/docloom/internal/templates/registry.go:174.35,179.3 1 0
github.com/karolswdev/docloom/internal/templates/registry.go:180.2,180.15 1 0
github.com/karolswdev/docloom/internal/generate/orchestrator.go:49.56,51.48 2 1
github.com/karolswdev/docloom/internal/generate/orchestrator.go:51.48,54.3 1 0
github.com/karolswdev/docloom/internal/generate/orchestrator.go:56.2,64.3 1 1
github.com/karolswdev/docloom/internal/generate/orchestrator.go:68.74,70.48 1 1
github.com/karolswdev/docloom/internal/generate/orchestrator.go:70.48,72.3 1 0
github.com/karolswdev/docloom/internal/generate/orchestrator.go:75.2,75.17 1 1
github.com/karolswdev/docloom/internal/generate/orchestrator.go:75.17,76.53 1 1
github.com/karolswdev/docloom/internal/generate/orchestrator.go:76.53,78.4 1 1
github.com/karolswdev/docloom/internal/generate/orchestrator.go:82.2,83.16 2 1
github.com/karolswdev/docloom/internal/generate/orchestrator.go:83.16,85.3 1 0
github.com/karolswdev/docloom/internal/generate/orchestrator.go:88.2,93.16 6 1
github.com/karolswdev/docloom/internal/generate/orchestrator.go:93.16,95.3 1 0
github.com/karolswdev/docloom/internal/generate/orchestrator.go:96.2,103.16 6 1
github.com/karolswdev/docloom/internal/generate/orchestrator.go:103.16,105.3 1 0
github.com/karolswdev/docloom/internal/generate/orchestrator.go:106.2,108.17 2 1
github.com/karolswdev/docloom/internal/generate/orchestrator.go:108.17,116.35 8 1
github.com/karolswdev/docloom/internal/generate/orchestrator.go:116.35,118.4 1 0
github.com/karolswdev/docloom/internal/generate/orchestrator.go:118.9,120.4 1 1
github.com/karolswdev/docloom/internal/generate/orchestrator.go:121.3,123.23 3 1
github.com/karolswdev/docloom/internal/generate/orchestrator.go:123.23,126.4 2 0
github.com/karolswdev/docloom/internal/generate/orchestrator.go:127.3,128.13 2 1
github.com/karolswdev/docloom/internal/generate/orchestrator.go:132.2,136.54 4 1
github.com/karolswdev/docloom/internal/generate/orchestrator.go:136.54,139.19 2 1
github.com/karolswdev/docloom/internal/generate/orchestrator.go:139.19,144.4 3 1
github.com/karolswdev/docloom/internal/generate/orchestrator.go:144.9,158.24 4 1
github.com/karolswdev/docloom/internal/generate/orchestrator.go:158.24,160.5 1 0
github.com/karolswdev/docloom/internal/generate/orchestrator.go:161.4,161.32 1 1
github.com/karolswdev/docloom/internal/generate/orchestrator.go:165.3,168.17 4 1
github.com/karolswdev/docloom/internal/generate/orchestrator.go:168.17,171.4 2 0
github.com/karolswdev/docloom/internal/generate/orchestrator.go:172.3,182.17 5 1
github.com/karolswdev/docloom/internal/generate/orchestrator.go:182.17,184.4 1 0
github.com/karolswdev/docloom/internal/generate/orchestrator.go:186.3,187.27 2 1
github.com/karolswdev/docloom/internal/generate/orchestrator.go:187.27,190.9 2 1
github.com/karolswdev/docloom/internal/generate/orchestrator.go:194.3,200.29 3 1
github.com/karolswdev/docloom/internal/generate/orchestrator.go:200.29,202.4 1 0
github.com/karolswdev/docloom/internal/generate/orchestrator.go:206.2,207.76 2 1
github.com/karolswdev/docloom/internal/generate/orchestrator.go:207.76,209.3 1 0
github.com/karolswdev/docloom/internal/generate/orchestrator.go:210.2,218.71 5 1
github.com/karolswdev/docloom/internal/generate/orchestrator.go:218.71,220.3 1 0
github.com/karolswdev/docloom/internal/generate/orchestrator.go:221.2,225.85 3 1
github.com/karolswdev/docloom/internal/generate/orchestrator.go:225.85,227.3 1 0
github.com/karolswdev/docloom/internal/generate/orchestrator.go:229.2,235.12 3 1
github.com/karolswdev/docloom/internal/generate/orchestrator.go:239.60,240.29 1 1
github.com/karolswdev/docloom/internal/generate/orchestrator.go:240.29,242.3 1 1
github.com/karolswdev/docloom/internal/generate/orchestrator.go:243.2,243.28 1 1
github.com/karolswdev/docloom/internal/generate/orchestrator.go:243.28,245.3 1 1
github.com/karolswdev/docloom/internal/generate/orchestrator.go:246.2,246.27 1 1
github.com/karolswdev/docloom/internal/generate/orchestrator.go:246.27,248.3 1 1
github.com/karolswdev/docloom/internal/generate/orchestrator.go:249.2,249.39 1 1
github.com/karolswdev/docloom/internal/generate/orchestrator.go:249.39,251.40 1 1
github.com/karolswdev/docloom/internal/generate/orchestrator.go:251.40,253.4 1 1
github.com/karolswdev/docloom/internal/generate/orchestrator.go:255.2,255.25 1 1
github.com/karolswdev/docloom/internal/generate/orchestrator.go:255.25,257.3 1 0
github.com/karolswdev/docloom/internal/generate/orchestrator.go:258.2,258.12 1 1
github.com/karolswdev/docloom/internal/validate/validator.go:17.32,19.2 1 1
github.com/karolswdev/docloom/internal/validate/validator.go:22.70,25.67 2 1
github.com/karolswdev/docloom/internal/validate/validator.go:25.67,27.3 1 1
github.com/karolswdev/docloom/internal/validate/validator.go:30.2,35.74 4 1
github.com/karolswdev/docloom/internal/validate/validator.go:35.74,37.3 1 0
github.com/karolswdev/docloom/internal/validate/validator.go:40.2,41.16 2 1
github.com/karolswdev/docloom/internal/validate/validator.go:41.16,43.3 1 0
github.com/karolswdev/docloom/internal/validate/validator.go:46.2,46.50 1 1
github.com/karolswdev/docloom/internal/validate/validator.go:46.50,48.3 1 1
github.com/karolswdev/docloom/internal/validate/validator.go:50.2,50.12 1 1
github.com/karolswdev/docloom/internal/validate/validator.go:61.42,62.19 1 1
github.com/karolswdev/docloom/internal/validate/validator.go:62.19,64.3 1 0
github.com/karolswdev/docloom/internal/validate/validator.go:65.2,65.56 1 1
github.com/karolswdev/docloom/internal/validate/validator.go:69.42,70.16 1 1
github.com/karolswdev/docloom/internal/validate/validator.go:70.16,72.3 1 0
github.com/karolswdev/docloom/internal/validate/validator.go:76.2,87.55 3 1
github.com/karolswdev/docloom/internal/validate/validator.go:87.55,89.22 2 0
github.com/karolswdev/docloom/internal/validate/validator.go:89.22,92.53 2 0
github.com/karolswdev/docloom/internal/validate/validator.go:92.53,94.54 2 0
github.com/karolswdev/docloom/internal/validate/validator.go:94.54,96.6 1 0
github.com/karolswdev/docloom/internal/validate/validator.go:99.3,99.22 1 0
github.com/karolswdev/docloom/internal/validate/validator.go:99.22,102.4 1 0
github.com/karolswdev/docloom/internal/validate/validator.go:105.2,105.22 1 1
github.com/karolswdev/docloom/internal/validate/validator.go:109.102,116.67 3 1
github.com/karolswdev/docloom/internal/validate/validator.go:116.67,123.3 3 0
github.com/karolswdev/docloom/internal/validate/validator.go:126.2,131.74 4 1
github.com/karolswdev/docloom/internal/validate/validator.go:131.74,133.3 1 0
github.com/karolswdev/docloom/internal/validate/validator.go:136.2,137.16 2 1
github.com/karolswdev/docloom/internal/validate/validator.go:137.16,139.3 1 0
github.com/karolswdev/docloom/internal/validate/validator.go:142.2,142.50 1 1
github.com/karolswdev/docloom/internal/validate/validator.go:142.50,151.49 3 1
github.com/karolswdev/docloom/internal/validate/validator.go:151.49,153.4 1 0
github.com/karolswdev/docloom/internal/validate/validator.go:155.3,155.47 1 1
github.com/karolswdev/docloom/internal/validate/validator.go:158.2,158.20 1 1
github.com/karolswdev/docloom/internal/cli/generate.go:37.54,39.19 1 1
github.com/karolswdev/docloom/internal/cli/generate.go:39.19,41.20 2 1
github.com/karolswdev/docloom/internal/cli/generate.go:41.20,43.5 1 1
github.com/karolswdev/docloom/internal/cli/generate.go:47.3,48.14 2 1
github.com/karolswdev/docloom/internal/cli/generate.go:48.14,59.16 2 0
github.com/karolswdev/docloom/internal/cli/generate.go:59.16,61.5 1 0
github.com/karolswdev/docloom/internal/cli/generate.go:64.4,66.18 3 0
github.com/karolswdev/docloom/internal/cli/generate.go:66.18,68.5 1 0
github.com/karolswdev/docloom/internal/cli/generate.go:72.3,89.15 3 1
github.com/karolswdev/docloom/internal/cli/generate.go:89.15,91.4 1 0
github.com/karolswdev/docloom/internal/cli/generate.go:94.3,95.58 2 1
github.com/karolswdev/docloom/internal/cli/generate.go:95.58,97.4 1 1
github.com/karolswdev/docloom/internal/cli/generate.go:99.3,99.14 1 0
github.com/karolswdev/docloom/internal/cli/generate.go:99.14,101.4 1 0
github.com/karolswdev/docloom/internal/cli/generate.go:103.3,103.13 1 0
github.com/karolswdev/docloom/internal/cli/generate.go:107.13,129.61 14 1
github.com/karolswdev/docloom/internal/cli/generate.go:129.61,130.70 1 0
github.com/karolswdev/docloom/internal/cli/generate.go:132.2,132.60 1 1
github.com/karolswdev/docloom/internal/cli/generate.go:132.60,133.69 1 0
github.com/karolswdev/docloom/internal/cli/root.go:24.60,28.14 2 0
github.com/karolswdev/docloom/internal/cli/root.go:28.14,30.4 1 0
github.com/karolswdev/docloom/internal/cli/root.go:30.9,32.4 1 0
github.com/karolswdev/docloom/internal/cli/root.go:35.3,40.22 2 0
github.com/karolswdev/docloom/internal/cli/root.go:45.22,47.2 1 0
github.com/karolswdev/docloom/internal/cli/root.go:49.13,52.2 1 1
github.com/karolswdev/docloom/internal/cli/root.go:55.34,57.2 1 1
github.com/karolswdev/docloom/internal/cli/root.go:60.33,62.2 1 0
github.com/karolswdev/docloom/internal/cli/templates.go:21.54,43.34 4 0
github.com/karolswdev/docloom/internal/cli/templates.go:43.34,45.4 1 0
github.com/karolswdev/docloom/internal/cli/templates.go:47.3,47.13 1 0
github.com/karolswdev/docloom/internal/cli/templates.go:51.13,54.2 2 1
github.com/karolswdev/docloom/internal/cli/version.go:15.47,17.3 1 0
github.com/karolswdev/docloom/internal/cli/version.go:22.13,27.2 2 1
github.com/karolswdev/docloom/internal/ingest/ingester.go:23.30,27.2 1 1
github.com/karolswdev/docloom/internal/ingest/ingester.go:31.66,35.29 3 1
github.com/karolswdev/docloom/internal/ingest/ingester.go:35.29,37.17 2 1
github.com/karolswdev/docloom/internal/ingest/ingester.go:37.17,39.4 1 1
github.com/karolswdev/docloom/internal/ingest/ingester.go:41.3,41.19 1 1
github.com/karolswdev/docloom/internal/ingest/ingester.go:41.19,43.91 1 1
github.com/karolswdev/docloom/internal/ingest/ingester.go:43.91,44.19 1 1
github.com/karolswdev/docloom/internal/ingest/ingester.go:44.19,46.6 1 0
github.com/karolswdev/docloom/internal/ingest/ingester.go:48.5,48.25 1 1
github.com/karolswdev/docloom/internal/ingest/ingester.go:48.25,50.6 1 1
github.com/karolswdev/docloom/internal/ingest/ingester.go:52.5,52.36 1 1
github.com/karolswdev/docloom/internal/ingest/ingester.go:52.36,54.20 2 1
github.com/karolswdev/docloom/internal/ingest/ingester.go:54.20,57.7 2 0
github.com/karolswdev/docloom/internal/ingest/ingester.go:59.6,59.34 1 1
github.com/karolswdev/docloom/internal/ingest/ingester.go:59.34,61.7 1 1
github.com/karolswdev/docloom/internal/ingest/ingester.go:62.6,65.87 4 1
github.com/karolswdev/docloom/internal/ingest/ingester.go:68.5,68.15 1 1
github.com/karolswdev/docloom/internal/ingest/ingester.go:71.4,71.18 1 1
github.com/karolswdev/docloom/internal/ingest/ingester.go:71.18,73.5 1 0
github.com/karolswdev/docloom/internal/ingest/ingester.go:74.9,76.31 1 1
github.com/karolswdev/docloom/internal/ingest/ingester.go:76.31,78.19 2 1
github.com/karolswdev/docloom/internal/ingest/ingester.go:78.19,80.6 1 0
github.com/karolswdev/docloom/internal/ingest/ingester.go:82.5,82.33 1 1
github.com/karolswdev/docloom/internal/ingest/ingester.go:82.33,84.6 1 0
github.com/karolswdev/docloom/internal/ingest/ingester.go:85.5,88.82 4 1
github.com/karolswdev/docloom/internal/ingest/ingester.go:89.10,91.5 1 1
github.com/karolswdev/docloom/internal/ingest/ingester.go:95.2,95.25 1 1
github.com/karolswdev/docloom/internal/ingest/ingester.go:95.25,97.3 1 1
github.com/karolswdev/docloom/internal/ingest/ingester.go:99.2,100.37 2 1
github.com/karolswdev/docloom/internal/ingest/ingester.go:104.54,106.53 2 1
github.com/karolswdev/docloom/internal/ingest/ingester.go:106.53,107.26 1 1
github.com/karolswdev/docloom/internal/ingest/ingester.go:107.26,109.4 1 1
github.com/karolswdev/docloom/internal/ingest/ingester.go:111.2,111.14 1 1
github.com/karolswdev/docloom/internal/ingest/ingester.go:115.58,117.51 1 1
github.com/karolswdev/docloom/internal/ingest/ingester.go:117.51,119.3 1 1
github.com/karolswdev/docloom/internal/ingest/ingester.go:122.2,123.16 2 1
github.com/karolswdev/docloom/internal/ingest/ingester.go:123.16,125.3 1 0
github.com/karolswdev/docloom/internal/ingest/ingester.go:126.2,129.16 3 1
github.com/karolswdev/docloom/internal/ingest/ingester.go:129.16,131.3 1 0
github.com/karolswdev/docloom/internal/ingest/ingester.go:133.2,133.29 1 1
github.com/karolswdev/docloom/internal/ingest/ingester.go:137.64,139.54 1 1
github.com/karolswdev/docloom/internal/ingest/ingester.go:139.54,144.3 2 0
github.com/karolswdev/docloom/internal/ingest/ingester.go:147.2,153.34 5 1
github.com/karolswdev/docloom/internal/ingest/ingester.go:153.34,160.3 2 0
github.com/karolswdev/docloom/internal/ingest/ingester.go:162.2,163.16 2 1
github.com/karolswdev/docloom/internal/ingest/ingester.go:163.16,165.3 1 0
github.com/karolswdev/docloom/internal/ingest/ingester.go:167.2,167.18 1 1
github.com/karolswdev/docloom/internal/ingest/ingester.go:171.54,172.34 1 1
github.com/karolswdev/docloom/internal/ingest/ingester.go:172.34,174.3 1 1
github.com/karolswdev/docloom/internal/ingest/ingester.go:175.2,178.49 2 1
github.com/karolswdev/docloom/internal/ingest/ingester.go:178.49,179.22 1 1
github.com/karolswdev/docloom/internal/ingest/ingester.go:179.22,181.4 1 1
github.com/karolswdev/docloom/internal/ingest/ingester.go:184.2,184.60 1 1
github.com/karolswdev/docloom/internal/ai/client.go:40.60,41.25 1 1
github.com/karolswdev/docloom/internal/ai/client.go:41.25,43.3 1 1
github.com/karolswdev/docloom/internal/ai/client.go:44.2,44.24 1 1
github.com/karolswdev/docloom/internal/ai/client.go:44.24,46.3 1 1
github.com/karolswdev/docloom/internal/ai/client.go:47.2,47.26 1 1
github.com/karolswdev/docloom/internal/ai/client.go:47.26,49.3 1 1
github.com/karolswdev/docloom/internal/ai/client.go:50.2,50.28 1 1
github.com/karolswdev/docloom/internal/ai/client.go:50.28,52.3 1 1
github.com/karolswdev/docloom/internal/ai/client.go:53.2,53.28 1 1
github.com/karolswdev/docloom/internal/ai/client.go:53.28,55.3 1 1
github.com/karolswdev/docloom/internal/ai/client.go:56.2,56.27 1 1
github.com/karolswdev/docloom/internal/ai/client.go:56.27,58.3 1 1
github.com/karolswdev/docloom/internal/ai/client.go:60.2,66.8 3 1
github.com/karolswdev/docloom/internal/ai/client.go:70.89,74.62 3 1
github.com/karolswdev/docloom/internal/ai/client.go:74.62,75.18 1 1
github.com/karolswdev/docloom/internal/ai/client.go:75.18,81.11 2 1
github.com/karolswdev/docloom/internal/ai/client.go:82.29,82.29 0 1
github.com/karolswdev/docloom/internal/ai/client.go:84.22,85.25 1 1
github.com/karolswdev/docloom/internal/ai/client.go:89.4,89.14 1 1
github.com/karolswdev/docloom/internal/ai/client.go:92.3,93.17 2 1
github.com/karolswdev/docloom/internal/ai/client.go:93.17,95.4 1 1
github.com/karolswdev/docloom/internal/ai/client.go:97.3,100.29 2 1
github.com/karolswdev/docloom/internal/ai/client.go:100.29,102.4 1 1
github.com/karolswdev/docloom/internal/ai/client.go:104.3,108.40 1 1
github.com/karolswdev/docloom/internal/ai/client.go:111.2,111.86 1 0
github.com/karolswdev/docloom/internal/ai/client.go:114.88,136.26 3 1
github.com/karolswdev/docloom/internal/ai/client.go:136.26,138.3 1 0
github.com/karolswdev/docloom/internal/ai/client.go:140.2,141.16 2 1
github.com/karolswdev/docloom/internal/ai/client.go:141.16,143.3 1 1
github.com/karolswdev/docloom/internal/ai/client.go:145.2,145.28 1 1
github.com/karolswdev/docloom/internal/ai/client.go:145.28,147.3 1 0
github.com/karolswdev/docloom/internal/ai/client.go:149.2,153.68 3 1
github.com/karolswdev/docloom/internal/ai/client.go:153.68,155.3 1 1
github.com/karolswdev/docloom/internal/ai/client.go:157.2,157.21 1 1
github.com/karolswdev/docloom/internal/ai/client.go:161.39,162.16 1 1
github.com/karolswdev/docloom/internal/ai/client.go:162.16,164.3 1 0
github.com/karolswdev/docloom/internal/ai/client.go:167.2,168.29 2 1
github.com/karolswdev/docloom/internal/ai/client.go:168.29,170.32 1 1
github.com/karolswdev/docloom/internal/ai/client.go:175.8,176.15 1 1
github.com/karolswdev/docloom/internal/ai/client.go:181.2,181.38 1 1
github.com/karolswdev/docloom/internal/ai/client.go:181.38,183.3 1 0
github.com/karolswdev/docloom/internal/ai/client.go:186.2,186.46 1 1
github.com/karolswdev/docloom/internal/ai/client.go:186.46,188.3 1 0
github.com/karolswdev/docloom/internal/ai/client.go:190.2,190.14 1 1
