mode: set
github.com/karolswdev/docloom/internal/agents/csharp/parser/parser.go:80.20,86.2 3 1
github.com/karolswdev/docloom/internal/agents/csharp/parser/parser.go:89.93,91.16 2 1
github.com/karolswdev/docloom/internal/agents/csharp/parser/parser.go:91.16,93.3 1 0
github.com/karolswdev/docloom/internal/agents/csharp/parser/parser.go:94.2,108.17 6 1
github.com/karolswdev/docloom/internal/agents/csharp/parser/parser.go:112.87,113.98 1 1
github.com/karolswdev/docloom/internal/agents/csharp/parser/parser.go:113.98,115.16 2 1
github.com/karolswdev/docloom/internal/agents/csharp/parser/parser.go:115.16,117.4 1 1
github.com/karolswdev/docloom/internal/agents/csharp/parser/parser.go:120.2,120.46 1 1
github.com/karolswdev/docloom/internal/agents/csharp/parser/parser.go:120.46,123.3 2 1
github.com/karolswdev/docloom/internal/agents/csharp/parser/parser.go:127.90,136.32 3 1
github.com/karolswdev/docloom/internal/agents/csharp/parser/parser.go:136.32,138.3 1 1
github.com/karolswdev/docloom/internal/agents/csharp/parser/parser.go:142.78,148.46 2 1
github.com/karolswdev/docloom/internal/agents/csharp/parser/parser.go:148.46,150.77 2 1
github.com/karolswdev/docloom/internal/agents/csharp/parser/parser.go:150.77,152.9 2 1
github.com/karolswdev/docloom/internal/agents/csharp/parser/parser.go:157.2,159.11 2 1
github.com/karolswdev/docloom/internal/agents/csharp/parser/parser.go:163.101,165.16 1 1
github.com/karolswdev/docloom/internal/agents/csharp/parser/parser.go:165.16,167.3 1 0
github.com/karolswdev/docloom/internal/agents/csharp/parser/parser.go:169.2,171.112 2 1
github.com/karolswdev/docloom/internal/agents/csharp/parser/parser.go:171.112,173.19 2 1
github.com/karolswdev/docloom/internal/agents/csharp/parser/parser.go:173.19,175.4 1 1
github.com/karolswdev/docloom/internal/agents/csharp/parser/parser.go:176.3,176.9 1 1
github.com/karolswdev/docloom/internal/agents/csharp/parser/parser.go:180.2,180.92 1 1
github.com/karolswdev/docloom/internal/agents/csharp/parser/parser.go:180.92,181.16 1 1
github.com/karolswdev/docloom/internal/agents/csharp/parser/parser.go:181.16,183.4 1 1
github.com/karolswdev/docloom/internal/agents/csharp/parser/parser.go:186.2,186.46 1 1
github.com/karolswdev/docloom/internal/agents/csharp/parser/parser.go:186.46,189.3 2 1
github.com/karolswdev/docloom/internal/agents/csharp/parser/parser.go:193.70,201.46 2 1
github.com/karolswdev/docloom/internal/agents/csharp/parser/parser.go:201.46,205.36 3 1
github.com/karolswdev/docloom/internal/agents/csharp/parser/parser.go:205.36,207.20 2 1
github.com/karolswdev/docloom/internal/agents/csharp/parser/parser.go:208.24,209.26 1 1
github.com/karolswdev/docloom/internal/agents/csharp/parser/parser.go:210.26,211.28 1 0
github.com/karolswdev/docloom/internal/agents/csharp/parser/parser.go:213.9,213.45 1 1
github.com/karolswdev/docloom/internal/agents/csharp/parser/parser.go:213.45,215.4 1 1
github.com/karolswdev/docloom/internal/agents/csharp/parser/parser.go:215.9,215.45 1 1
github.com/karolswdev/docloom/internal/agents/csharp/parser/parser.go:215.45,218.4 1 1
github.com/karolswdev/docloom/internal/agents/csharp/parser/parser.go:222.2,224.14 2 1
github.com/karolswdev/docloom/internal/agents/csharp/parser/parser.go:228.84,229.46 1 1
github.com/karolswdev/docloom/internal/agents/csharp/parser/parser.go:229.46,233.20 3 1
github.com/karolswdev/docloom/internal/agents/csharp/parser/parser.go:234.29,235.61 1 1
github.com/karolswdev/docloom/internal/agents/csharp/parser/parser.go:235.61,237.5 1 1
github.com/karolswdev/docloom/internal/agents/csharp/parser/parser.go:238.31,239.59 1 1
github.com/karolswdev/docloom/internal/agents/csharp/parser/parser.go:239.59,241.5 1 1
github.com/karolswdev/docloom/internal/agents/csharp/parser/parser.go:242.28,242.28 0 0
github.com/karolswdev/docloom/internal/agents/csharp/parser/parser.go:249.72,254.46 2 1
github.com/karolswdev/docloom/internal/agents/csharp/parser/parser.go:254.46,258.20 3 1
github.com/karolswdev/docloom/internal/agents/csharp/parser/parser.go:259.19,261.20 2 1
github.com/karolswdev/docloom/internal/agents/csharp/parser/parser.go:262.24,263.27 1 1
github.com/karolswdev/docloom/internal/agents/csharp/parser/parser.go:264.24,265.27 1 1
github.com/karolswdev/docloom/internal/agents/csharp/parser/parser.go:267.21,268.59 1 1
github.com/karolswdev/docloom/internal/agents/csharp/parser/parser.go:269.73,270.65 1 1
github.com/karolswdev/docloom/internal/agents/csharp/parser/parser.go:271.25,272.44 1 1
github.com/karolswdev/docloom/internal/agents/csharp/parser/parser.go:277.2,278.38 2 1
github.com/karolswdev/docloom/internal/agents/csharp/parser/parser.go:278.38,280.3 1 1
github.com/karolswdev/docloom/internal/agents/csharp/parser/parser.go:281.2,286.15 3 1
github.com/karolswdev/docloom/internal/agents/csharp/parser/parser.go:290.76,293.46 2 1
github.com/karolswdev/docloom/internal/agents/csharp/parser/parser.go:293.46,297.20 3 1
github.com/karolswdev/docloom/internal/agents/csharp/parser/parser.go:298.19,300.20 2 1
github.com/karolswdev/docloom/internal/agents/csharp/parser/parser.go:301.24,302.25 1 1
github.com/karolswdev/docloom/internal/agents/csharp/parser/parser.go:303.24,304.25 1 0
github.com/karolswdev/docloom/internal/agents/csharp/parser/parser.go:306.21,307.57 1 1
github.com/karolswdev/docloom/internal/agents/csharp/parser/parser.go:308.73,309.57 1 1
github.com/karolswdev/docloom/internal/agents/csharp/parser/parser.go:314.2,316.13 2 1
github.com/karolswdev/docloom/internal/agents/csharp/parser/parser.go:320.84,321.46 1 1
github.com/karolswdev/docloom/internal/agents/csharp/parser/parser.go:321.46,323.34 2 1
github.com/karolswdev/docloom/internal/agents/csharp/parser/parser.go:323.34,326.49 2 1
github.com/karolswdev/docloom/internal/agents/csharp/parser/parser.go:326.49,330.27 3 1
github.com/karolswdev/docloom/internal/agents/csharp/parser/parser.go:331.29,332.70 1 1
github.com/karolswdev/docloom/internal/agents/csharp/parser/parser.go:333.83,334.70 1 1
github.com/karolswdev/docloom/internal/agents/csharp/parser/parser.go:338.4,338.24 1 1
github.com/karolswdev/docloom/internal/agents/csharp/parser/parser.go:338.24,340.5 1 1
github.com/karolswdev/docloom/internal/agents/csharp/parser/parser.go:346.77,348.26 1 1
github.com/karolswdev/docloom/internal/agents/csharp/parser/parser.go:348.26,353.49 3 1
github.com/karolswdev/docloom/internal/agents/csharp/parser/parser.go:353.49,354.31 1 1
github.com/karolswdev/docloom/internal/agents/csharp/parser/parser.go:354.31,356.10 2 1
github.com/karolswdev/docloom/internal/agents/csharp/parser/parser.go:361.3,361.20 1 1
github.com/karolswdev/docloom/internal/agents/csharp/parser/parser.go:361.20,363.36 2 1
github.com/karolswdev/docloom/internal/agents/csharp/parser/parser.go:363.36,369.5 4 1
github.com/karolswdev/docloom/internal/agents/csharp/parser/parser.go:373.2,373.11 1 1
github.com/karolswdev/docloom/internal/cli/agents.go:34.54,37.45 2 1
github.com/karolswdev/docloom/internal/cli/agents.go:37.45,39.4 1 0
github.com/karolswdev/docloom/internal/cli/agents.go:42.3,43.23 2 1
github.com/karolswdev/docloom/internal/cli/agents.go:43.23,46.4 2 1
github.com/karolswdev/docloom/internal/cli/agents.go:49.3,53.32 4 1
github.com/karolswdev/docloom/internal/cli/agents.go:53.32,55.25 2 1
github.com/karolswdev/docloom/internal/cli/agents.go:55.25,57.5 1 0
github.com/karolswdev/docloom/internal/cli/agents.go:58.4,58.64 1 1
github.com/karolswdev/docloom/internal/cli/agents.go:61.3,61.19 1 1
github.com/karolswdev/docloom/internal/cli/agents.go:72.54,77.45 3 1
github.com/karolswdev/docloom/internal/cli/agents.go:77.45,79.4 1 0
github.com/karolswdev/docloom/internal/cli/agents.go:82.3,83.14 2 1
github.com/karolswdev/docloom/internal/cli/agents.go:83.14,85.4 1 1
github.com/karolswdev/docloom/internal/cli/agents.go:88.3,93.42 5 1
github.com/karolswdev/docloom/internal/cli/agents.go:93.42,95.4 1 1
github.com/karolswdev/docloom/internal/cli/agents.go:97.3,99.41 3 1
github.com/karolswdev/docloom/internal/cli/agents.go:99.41,101.50 2 1
github.com/karolswdev/docloom/internal/cli/agents.go:101.50,103.5 1 1
github.com/karolswdev/docloom/internal/cli/agents.go:106.3,106.40 1 1
github.com/karolswdev/docloom/internal/cli/agents.go:106.40,108.51 2 1
github.com/karolswdev/docloom/internal/cli/agents.go:108.51,111.32 3 1
github.com/karolswdev/docloom/internal/cli/agents.go:111.32,113.6 1 1
github.com/karolswdev/docloom/internal/cli/agents.go:114.5,115.29 2 1
github.com/karolswdev/docloom/internal/cli/agents.go:115.29,117.6 1 1
github.com/karolswdev/docloom/internal/cli/agents.go:118.5,118.22 1 1
github.com/karolswdev/docloom/internal/cli/agents.go:120.9,122.4 1 0
github.com/karolswdev/docloom/internal/cli/agents.go:124.3,124.13 1 1
github.com/karolswdev/docloom/internal/cli/agents.go:128.13,132.2 3 1
github.com/karolswdev/docloom/internal/cli/generate.go:44.54,49.22 3 1
github.com/karolswdev/docloom/internal/cli/generate.go:49.22,52.38 2 0
github.com/karolswdev/docloom/internal/cli/generate.go:52.38,54.24 2 0
github.com/karolswdev/docloom/internal/cli/generate.go:54.24,56.6 1 0
github.com/karolswdev/docloom/internal/cli/generate.go:57.5,57.32 1 0
github.com/karolswdev/docloom/internal/cli/generate.go:61.4,62.46 2 0
github.com/karolswdev/docloom/internal/cli/generate.go:62.46,64.5 1 0
github.com/karolswdev/docloom/internal/cli/generate.go:67.4,68.18 2 0
github.com/karolswdev/docloom/internal/cli/generate.go:68.18,70.5 1 0
github.com/karolswdev/docloom/internal/cli/generate.go:73.4,77.24 3 0
github.com/karolswdev/docloom/internal/cli/generate.go:77.24,79.5 1 0
github.com/karolswdev/docloom/internal/cli/generate.go:82.4,88.18 3 0
github.com/karolswdev/docloom/internal/cli/generate.go:88.18,90.5 1 0
github.com/karolswdev/docloom/internal/cli/generate.go:93.4,93.69 1 0
github.com/karolswdev/docloom/internal/cli/generate.go:93.69,95.5 1 0
github.com/karolswdev/docloom/internal/cli/generate.go:98.4,99.80 2 0
github.com/karolswdev/docloom/internal/cli/generate.go:103.3,103.19 1 1
github.com/karolswdev/docloom/internal/cli/generate.go:103.19,105.20 2 1
github.com/karolswdev/docloom/internal/cli/generate.go:105.20,107.5 1 1
github.com/karolswdev/docloom/internal/cli/generate.go:111.3,112.14 2 1
github.com/karolswdev/docloom/internal/cli/generate.go:112.14,123.16 2 0
github.com/karolswdev/docloom/internal/cli/generate.go:123.16,125.5 1 0
github.com/karolswdev/docloom/internal/cli/generate.go:128.4,130.18 3 0
github.com/karolswdev/docloom/internal/cli/generate.go:130.18,132.5 1 0
github.com/karolswdev/docloom/internal/cli/generate.go:136.3,153.15 3 1
github.com/karolswdev/docloom/internal/cli/generate.go:153.15,155.4 1 0
github.com/karolswdev/docloom/internal/cli/generate.go:158.3,159.58 2 1
github.com/karolswdev/docloom/internal/cli/generate.go:159.58,161.4 1 1
github.com/karolswdev/docloom/internal/cli/generate.go:163.3,163.14 1 0
github.com/karolswdev/docloom/internal/cli/generate.go:163.14,165.4 1 0
github.com/karolswdev/docloom/internal/cli/generate.go:167.3,167.13 1 0
github.com/karolswdev/docloom/internal/cli/generate.go:171.13,197.61 16 1
github.com/karolswdev/docloom/internal/cli/generate.go:197.61,198.70 1 0
github.com/karolswdev/docloom/internal/cli/generate.go:200.2,200.60 1 1
github.com/karolswdev/docloom/internal/cli/generate.go:200.60,201.69 1 0
github.com/karolswdev/docloom/internal/cli/root.go:24.60,28.14 2 1
github.com/karolswdev/docloom/internal/cli/root.go:28.14,30.4 1 0
github.com/karolswdev/docloom/internal/cli/root.go:30.9,32.4 1 1
github.com/karolswdev/docloom/internal/cli/root.go:35.3,40.22 2 1
github.com/karolswdev/docloom/internal/cli/root.go:45.22,47.2 1 0
github.com/karolswdev/docloom/internal/cli/root.go:49.13,52.2 1 1
github.com/karolswdev/docloom/internal/cli/root.go:55.34,57.2 1 1
github.com/karolswdev/docloom/internal/cli/root.go:60.33,62.2 1 0
github.com/karolswdev/docloom/internal/cli/templates.go:21.54,43.34 4 0
github.com/karolswdev/docloom/internal/cli/templates.go:43.34,45.4 1 0
github.com/karolswdev/docloom/internal/cli/templates.go:47.3,47.13 1 0
github.com/karolswdev/docloom/internal/cli/templates.go:51.13,54.2 2 1
github.com/karolswdev/docloom/internal/cli/version.go:16.47,18.3 1 0
github.com/karolswdev/docloom/internal/cli/version.go:23.13,28.2 2 1
