mode: set
github.com/karolswdev/docloom/internal/agent/cache.go:17.49,22.51 2 1
github.com/karolswdev/docloom/internal/agent/cache.go:22.51,24.3 1 0
github.com/karolswdev/docloom/internal/agent/cache.go:26.2,28.8 1 1
github.com/karolswdev/docloom/internal/agent/cache.go:32.78,38.50 4 1
github.com/karolswdev/docloom/internal/agent/cache.go:38.50,40.3 1 0
github.com/karolswdev/docloom/internal/agent/cache.go:42.2,42.20 1 1
github.com/karolswdev/docloom/internal/agent/cache.go:46.39,48.16 2 0
github.com/karolswdev/docloom/internal/agent/cache.go:48.16,49.25 1 0
github.com/karolswdev/docloom/internal/agent/cache.go:49.25,51.4 1 0
github.com/karolswdev/docloom/internal/agent/cache.go:52.3,52.63 1 0
github.com/karolswdev/docloom/internal/agent/cache.go:55.2,57.32 2 0
github.com/karolswdev/docloom/internal/agent/cache.go:57.32,58.21 1 0
github.com/karolswdev/docloom/internal/agent/cache.go:58.21,59.12 1 0
github.com/karolswdev/docloom/internal/agent/cache.go:62.3,63.17 2 0
github.com/karolswdev/docloom/internal/agent/cache.go:63.17,64.12 1 0
github.com/karolswdev/docloom/internal/agent/cache.go:67.3,67.36 1 0
github.com/karolswdev/docloom/internal/agent/cache.go:67.36,70.4 2 0
github.com/karolswdev/docloom/internal/agent/cache.go:73.2,73.12 1 0
github.com/karolswdev/docloom/internal/agent/cache.go:77.45,79.2 1 0
github.com/karolswdev/docloom/internal/agent/executor.go:23.93,29.2 1 1
github.com/karolswdev/docloom/internal/agent/executor.go:45.61,48.13 2 1
github.com/karolswdev/docloom/internal/agent/executor.go:48.13,50.3 1 0
github.com/karolswdev/docloom/internal/agent/executor.go:52.2,59.16 3 1
github.com/karolswdev/docloom/internal/agent/executor.go:59.16,61.3 1 0
github.com/karolswdev/docloom/internal/agent/executor.go:64.2,67.45 2 1
github.com/karolswdev/docloom/internal/agent/executor.go:67.45,72.3 3 0
github.com/karolswdev/docloom/internal/agent/executor.go:75.2,75.20 1 1
github.com/karolswdev/docloom/internal/agent/executor.go:75.20,77.3 1 1
github.com/karolswdev/docloom/internal/agent/executor.go:79.2,85.46 3 1
github.com/karolswdev/docloom/internal/agent/executor.go:85.46,86.27 1 1
github.com/karolswdev/docloom/internal/agent/executor.go:86.27,90.4 3 1
github.com/karolswdev/docloom/internal/agent/executor.go:94.2,94.42 1 1
github.com/karolswdev/docloom/internal/agent/executor.go:94.42,97.3 2 1
github.com/karolswdev/docloom/internal/agent/executor.go:99.2,103.16 3 1
github.com/karolswdev/docloom/internal/agent/executor.go:103.16,105.3 1 0
github.com/karolswdev/docloom/internal/agent/executor.go:107.2,108.16 2 1
github.com/karolswdev/docloom/internal/agent/executor.go:108.16,110.3 1 0
github.com/karolswdev/docloom/internal/agent/executor.go:113.2,113.35 1 1
github.com/karolswdev/docloom/internal/agent/executor.go:113.35,115.3 1 0
github.com/karolswdev/docloom/internal/agent/executor.go:118.2,125.16 5 1
github.com/karolswdev/docloom/internal/agent/executor.go:125.16,126.47 1 0
github.com/karolswdev/docloom/internal/agent/executor.go:126.47,132.4 2 0
github.com/karolswdev/docloom/internal/agent/executor.go:132.9,134.4 1 0
github.com/karolswdev/docloom/internal/agent/executor.go:137.2,146.8 2 1
github.com/karolswdev/docloom/internal/agent/executor.go:150.84,152.21 2 1
github.com/karolswdev/docloom/internal/agent/executor.go:152.21,158.3 1 1
github.com/karolswdev/docloom/internal/agent/executor.go:162.60,165.16 2 1
github.com/karolswdev/docloom/internal/agent/executor.go:165.16,167.3 1 0
github.com/karolswdev/docloom/internal/agent/executor.go:169.2,169.23 1 1
github.com/karolswdev/docloom/internal/agent/executor.go:169.23,171.3 1 1
github.com/karolswdev/docloom/internal/agent/executor.go:174.2,175.32 2 1
github.com/karolswdev/docloom/internal/agent/executor.go:175.32,176.60 1 1
github.com/karolswdev/docloom/internal/agent/executor.go:176.60,178.9 2 1
github.com/karolswdev/docloom/internal/agent/executor.go:182.2,182.18 1 1
github.com/karolswdev/docloom/internal/agent/executor.go:182.18,184.3 1 1
github.com/karolswdev/docloom/internal/agent/executor.go:186.2,186.12 1 1
github.com/karolswdev/docloom/internal/agent/registry.go:19.30,24.33 3 1
github.com/karolswdev/docloom/internal/agent/registry.go:24.33,26.3 1 1
github.com/karolswdev/docloom/internal/agent/registry.go:28.2,31.3 1 1
github.com/karolswdev/docloom/internal/agent/registry.go:35.47,37.2 1 1
github.com/karolswdev/docloom/internal/agent/registry.go:40.37,41.43 1 1
github.com/karolswdev/docloom/internal/agent/registry.go:41.43,42.54 1 1
github.com/karolswdev/docloom/internal/agent/registry.go:42.54,44.27 1 1
github.com/karolswdev/docloom/internal/agent/registry.go:44.27,46.5 1 1
github.com/karolswdev/docloom/internal/agent/registry.go:49.2,49.12 1 1
github.com/karolswdev/docloom/internal/agent/registry.go:53.60,55.16 2 1
github.com/karolswdev/docloom/internal/agent/registry.go:55.16,57.3 1 1
github.com/karolswdev/docloom/internal/agent/registry.go:59.2,59.32 1 1
github.com/karolswdev/docloom/internal/agent/registry.go:59.32,60.20 1 1
github.com/karolswdev/docloom/internal/agent/registry.go:60.20,61.12 1 1
github.com/karolswdev/docloom/internal/agent/registry.go:64.3,64.102 1 1
github.com/karolswdev/docloom/internal/agent/registry.go:64.102,66.48 2 1
github.com/karolswdev/docloom/internal/agent/registry.go:66.48,68.5 1 1
github.com/karolswdev/docloom/internal/agent/registry.go:72.2,72.12 1 1
github.com/karolswdev/docloom/internal/agent/registry.go:76.49,78.16 2 1
github.com/karolswdev/docloom/internal/agent/registry.go:78.16,80.3 1 0
github.com/karolswdev/docloom/internal/agent/registry.go:82.2,83.51 2 1
github.com/karolswdev/docloom/internal/agent/registry.go:83.51,85.3 1 0
github.com/karolswdev/docloom/internal/agent/registry.go:88.2,88.26 1 1
github.com/karolswdev/docloom/internal/agent/registry.go:88.26,90.3 1 1
github.com/karolswdev/docloom/internal/agent/registry.go:91.2,91.56 1 1
github.com/karolswdev/docloom/internal/agent/registry.go:91.56,93.3 1 1
github.com/karolswdev/docloom/internal/agent/registry.go:94.2,94.29 1 1
github.com/karolswdev/docloom/internal/agent/registry.go:94.29,96.3 1 1
github.com/karolswdev/docloom/internal/agent/registry.go:98.2,99.12 2 1
github.com/karolswdev/docloom/internal/agent/registry.go:103.57,106.2 2 1
github.com/karolswdev/docloom/internal/agent/registry.go:109.41,111.33 2 1
github.com/karolswdev/docloom/internal/agent/registry.go:111.33,113.3 1 1
github.com/karolswdev/docloom/internal/agent/registry.go:114.2,114.15 1 1
github.com/karolswdev/docloom/internal/cli/agents.go:34.54,37.45 2 1
github.com/karolswdev/docloom/internal/cli/agents.go:37.45,39.4 1 0
github.com/karolswdev/docloom/internal/cli/agents.go:42.3,43.23 2 1
github.com/karolswdev/docloom/internal/cli/agents.go:43.23,46.4 2 1
github.com/karolswdev/docloom/internal/cli/agents.go:49.3,53.32 4 1
github.com/karolswdev/docloom/internal/cli/agents.go:53.32,55.25 2 1
github.com/karolswdev/docloom/internal/cli/agents.go:55.25,57.5 1 0
github.com/karolswdev/docloom/internal/cli/agents.go:58.4,58.64 1 1
github.com/karolswdev/docloom/internal/cli/agents.go:61.3,61.19 1 1
github.com/karolswdev/docloom/internal/cli/agents.go:72.54,77.45 3 1
github.com/karolswdev/docloom/internal/cli/agents.go:77.45,79.4 1 0
github.com/karolswdev/docloom/internal/cli/agents.go:82.3,83.14 2 1
github.com/karolswdev/docloom/internal/cli/agents.go:83.14,85.4 1 1
github.com/karolswdev/docloom/internal/cli/agents.go:88.3,93.42 5 1
github.com/karolswdev/docloom/internal/cli/agents.go:93.42,95.4 1 1
github.com/karolswdev/docloom/internal/cli/agents.go:97.3,99.41 3 1
github.com/karolswdev/docloom/internal/cli/agents.go:99.41,101.50 2 1
github.com/karolswdev/docloom/internal/cli/agents.go:101.50,103.5 1 1
github.com/karolswdev/docloom/internal/cli/agents.go:106.3,106.40 1 1
github.com/karolswdev/docloom/internal/cli/agents.go:106.40,108.51 2 1
github.com/karolswdev/docloom/internal/cli/agents.go:108.51,111.32 3 1
github.com/karolswdev/docloom/internal/cli/agents.go:111.32,113.6 1 1
github.com/karolswdev/docloom/internal/cli/agents.go:114.5,115.29 2 1
github.com/karolswdev/docloom/internal/cli/agents.go:115.29,117.6 1 1
github.com/karolswdev/docloom/internal/cli/agents.go:118.5,118.22 1 1
github.com/karolswdev/docloom/internal/cli/agents.go:120.9,122.4 1 0
github.com/karolswdev/docloom/internal/cli/agents.go:124.3,124.13 1 1
github.com/karolswdev/docloom/internal/cli/agents.go:128.13,132.2 3 1
github.com/karolswdev/docloom/internal/cli/generate.go:44.54,49.22 3 1
github.com/karolswdev/docloom/internal/cli/generate.go:49.22,52.38 2 0
github.com/karolswdev/docloom/internal/cli/generate.go:52.38,54.24 2 0
github.com/karolswdev/docloom/internal/cli/generate.go:54.24,56.6 1 0
github.com/karolswdev/docloom/internal/cli/generate.go:57.5,57.32 1 0
github.com/karolswdev/docloom/internal/cli/generate.go:61.4,62.46 2 0
github.com/karolswdev/docloom/internal/cli/generate.go:62.46,64.5 1 0
github.com/karolswdev/docloom/internal/cli/generate.go:67.4,68.18 2 0
github.com/karolswdev/docloom/internal/cli/generate.go:68.18,70.5 1 0
github.com/karolswdev/docloom/internal/cli/generate.go:73.4,77.24 3 0
github.com/karolswdev/docloom/internal/cli/generate.go:77.24,79.5 1 0
github.com/karolswdev/docloom/internal/cli/generate.go:82.4,88.18 3 0
github.com/karolswdev/docloom/internal/cli/generate.go:88.18,90.5 1 0
github.com/karolswdev/docloom/internal/cli/generate.go:93.4,93.69 1 0
github.com/karolswdev/docloom/internal/cli/generate.go:93.69,95.5 1 0
github.com/karolswdev/docloom/internal/cli/generate.go:98.4,99.80 2 0
github.com/karolswdev/docloom/internal/cli/generate.go:103.3,103.19 1 1
github.com/karolswdev/docloom/internal/cli/generate.go:103.19,105.20 2 1
github.com/karolswdev/docloom/internal/cli/generate.go:105.20,107.5 1 1
github.com/karolswdev/docloom/internal/cli/generate.go:111.3,112.14 2 1
github.com/karolswdev/docloom/internal/cli/generate.go:112.14,123.16 2 0
github.com/karolswdev/docloom/internal/cli/generate.go:123.16,125.5 1 0
github.com/karolswdev/docloom/internal/cli/generate.go:128.4,130.18 3 0
github.com/karolswdev/docloom/internal/cli/generate.go:130.18,132.5 1 0
github.com/karolswdev/docloom/internal/cli/generate.go:136.3,153.15 3 1
github.com/karolswdev/docloom/internal/cli/generate.go:153.15,155.4 1 0
github.com/karolswdev/docloom/internal/cli/generate.go:158.3,159.58 2 1
github.com/karolswdev/docloom/internal/cli/generate.go:159.58,161.4 1 1
github.com/karolswdev/docloom/internal/cli/generate.go:163.3,163.14 1 0
github.com/karolswdev/docloom/internal/cli/generate.go:163.14,165.4 1 0
github.com/karolswdev/docloom/internal/cli/generate.go:167.3,167.13 1 0
github.com/karolswdev/docloom/internal/cli/generate.go:171.13,197.61 16 1
github.com/karolswdev/docloom/internal/cli/generate.go:197.61,198.70 1 0
github.com/karolswdev/docloom/internal/cli/generate.go:200.2,200.60 1 1
github.com/karolswdev/docloom/internal/cli/generate.go:200.60,201.69 1 0
github.com/karolswdev/docloom/internal/cli/root.go:24.60,28.14 2 1
github.com/karolswdev/docloom/internal/cli/root.go:28.14,30.4 1 0
github.com/karolswdev/docloom/internal/cli/root.go:30.9,32.4 1 1
github.com/karolswdev/docloom/internal/cli/root.go:35.3,40.22 2 1
github.com/karolswdev/docloom/internal/cli/root.go:45.22,47.2 1 0
github.com/karolswdev/docloom/internal/cli/root.go:49.13,52.2 1 1
github.com/karolswdev/docloom/internal/cli/root.go:55.34,57.2 1 1
github.com/karolswdev/docloom/internal/cli/root.go:60.33,62.2 1 0
github.com/karolswdev/docloom/internal/cli/templates.go:21.54,43.34 4 0
github.com/karolswdev/docloom/internal/cli/templates.go:43.34,45.4 1 0
github.com/karolswdev/docloom/internal/cli/templates.go:47.3,47.13 1 0
github.com/karolswdev/docloom/internal/cli/templates.go:51.13,54.2 2 1
github.com/karolswdev/docloom/internal/cli/version.go:16.47,18.3 1 0
github.com/karolswdev/docloom/internal/cli/version.go:23.13,28.2 2 1
